#
# A fatal error has been detected by the Java Runtime Environment:
#
#  EXCEPTION_ACCESS_VIOLATION (0xc0000005) at pc=0x00007ff8dfc4c59a, pid=7140, tid=21192
#
# JRE version: OpenJDK Runtime Environment (23.0.2+7) (build 23.0.2+7-58)
# Java VM: OpenJDK 64-Bit Server VM (23.0.2+7-58, mixed mode, sharing, tiered, compressed oops, compressed class ptrs, g1 gc, windows-amd64)
# Problematic frame:
# C  [lwjgl_opengl.dll+0xc59a]
#
# No core dump will be written. Minidumps are not enabled by default on client versions of Windows
#
# If you would like to submit a bug report, please visit:
#   https://bugreport.java.com/bugreport/crash.jsp
# The crash happened outside the Java Virtual Machine in native code.
# See problematic frame for where to report the bug.
#

---------------  S U M M A R Y ------------

Command Line: -javaagent:D:\JetBrains\IntelliJ IDEA Community Edition 2024.3.2.2\lib\idea_rt.jar=55659:D:\JetBrains\IntelliJ IDEA Community Edition 2024.3.2.2\bin -Dfile.encoding=UTF-8 -Dsun.stdout.encoding=UTF-8 -Dsun.stderr.encoding=UTF-8 pkgCWDriver.Driver

Host: AMD Ryzen 5 2600 Six-Core Processor            , 12 cores, 15G,  Windows 10 , 64 bit Build 19041 (10.0.19041.5438)
Time: Thu Mar 13 17:33:34 2025 Pacific Daylight Time elapsed time: 0.645284 seconds (0d 0h 0m 0s)

---------------  T H R E A D  ---------------

Current thread (0x00000160d7a18570):  JavaThread "main"             [_thread_in_native, id=21192, stack(0x0000003809000000,0x0000003809100000) (1024K)]

Stack: [0x0000003809000000,0x0000003809100000],  sp=0x00000038090ff5a8,  free space=1021k
Native frames: (J=compiled Java code, j=interpreted, Vv=VM code, C=native code)
C  [lwjgl_opengl.dll+0xc59a]  (no source info available)

Java frames: (J=compiled Java code, j=interpreted, Vv=VM code)
j  org.lwjgl.opengl.GL11C.glClear(I)V+0
j  org.lwjgl.opengl.GL11.glClear(I)V+1
j  pkgCWRenderer.CWRenderer.renderObjects(LpkgCWWindowsManager/CWWindowManager;)V+16
j  pkgCWRenderer.CWRenderer.renderLoop(LpkgCWWindowsManager/CWWindowManager;)V+12
j  pkgCWRenderer.CWRenderer.<init>(LpkgCWWindowsManager/CWWindowManager;)V+37
j  pkgCWDriver.Driver.main([Ljava/lang/String;)V+56
v  ~StubRoutines::call_stub 0x00000160e99f0fcd

siginfo: EXCEPTION_ACCESS_VIOLATION (0xc0000005), reading address 0x0000000000000060


Registers:
RAX=0x00000160c56814a0, RBX=0x00000160c154d840, RCX=0x0000000000004100, RDX=0x0000000000000000
RSP=0x00000038090ff5a8, RBP=0x00000038090ff620, RSI=0x0000000000000000, RDI=0x00000160e99f8700
R8 =0x0000000000004100, R9 =0x0000000000000002, R10=0x00000160e99fd1d8, R11=0x00000007105d5a08
R12=0x0000000000000000, R13=0x00000160c154d838, R14=0x00000038090ff640, R15=0x00000160d7a18570
RIP=0x00007ff8dfc4c59a, EFLAGS=0x0000000000010206


Register to memory mapping:

RAX=0x00000160c56814a0 points into unknown readable memory: 0x0000000000000000 | 00 00 00 00 00 00 00 00
RBX={method} {0x00000160c154d848} 'glClear' '(I)V' in 'org/lwjgl/opengl/GL11C'
RCX=0x0000000000004100 is an unknown value
RDX=0x0 is null
RSP=0x00000038090ff5a8 is pointing into the stack for thread: 0x00000160d7a18570
RBP=0x00000038090ff620 is pointing into the stack for thread: 0x00000160d7a18570
RSI=0x0 is null
RDI=0x00000160e99f8700 is at code_begin+1280 in an Interpreter codelet
return entry points  [0x00000160e99f8200, 0x00000160e99f8e90]  3216 bytes
R8 =0x0000000000004100 is an unknown value
R9 =0x0000000000000002 is an unknown value
R10=0x00000160e99fd1d8 is at code_begin+1016 in an Interpreter codelet
native method entry point (kind = native)  [0x00000160e99fcde0, 0x00000160e99fd938]  2904 bytes
R11=0x00000007105d5a08 is an oop: java.lang.Class 
{0x00000007105d5a08} - klass: 'java/lang/Class'
 - ---- fields (total size 116 words):
 - private volatile transient 'classRedefinedCount' 'I' @12  0 (0x00000000)
 - injected 'klass' 'J' @16  1513992849944 (0x0000016081018a18)
 - injected 'array_klass' 'J' @24  0 (0x0000000000000000)
 - injected 'oop_size' 'I' @32  116 (0x00000074)
 - injected 'static_oop_field_count' 'I' @36  0 (0x00000000)
 - private volatile transient 'cachedConstructor' 'Ljava/lang/reflect/Constructor;' @40  null (0x00000000)
 - private transient 'name' 'Ljava/lang/String;' @44  "org.lwjgl.opengl.GL11C"{0x00000007105d5db8} (0xe20babb7)
 - private transient 'module' 'Ljava/lang/Module;' @48  a 'java/lang/Module'{0x0000000710b89920} (0xe2171324)
 - private final 'classLoader' 'Ljava/lang/ClassLoader;' @52  a 'jdk/internal/loader/ClassLoaders$AppClassLoader'{0x0000000710b89760} (0xe21712ec)
 - private transient 'classData' 'Ljava/lang/Object;' @56  null (0x00000000)
 - private transient 'packageName' 'Ljava/lang/String;' @60  "org.lwjgl.opengl"{0x00000007104fdd18} (0xe209fba3)
 - private final 'componentType' 'Ljava/lang/Class;' @64  null (0x00000000)
 - private volatile transient 'reflectionData' 'Ljava/lang/ref/SoftReference;' @68  null (0x00000000)
 - private volatile transient 'genericInfo' 'Lsun/reflect/generics/repository/ClassRepository;' @72  null (0x00000000)
 - private volatile transient 'enumConstants' '[Ljava/lang/Object;' @76  null (0x00000000)
 - private volatile transient 'enumConstantDirectory' 'Ljava/util/Map;' @80  null (0x00000000)
 - private volatile transient 'annotationData' 'Ljava/lang/Class$AnnotationData;' @84  null (0x00000000)
 - private volatile transient 'annotationType' 'Lsun/reflect/annotation/AnnotationType;' @88  null (0x00000000)
 - transient 'classValueMap' 'Ljava/lang/ClassValue$ClassValueMap;' @92  null (0x00000000)
 - injected 'protection_domain' 'Ljava/lang/Object;' @96  a 'java/security/ProtectionDomain'{0x000000071050b1d8} (0xe20a163b)
 - injected 'signers_name' 'Ljava/lang/Object;' @100  null (0x00000000)
 - injected 'source_file' 'Ljava/lang/Object;' @104  null (0x00000000)
 - injected '<init_lock>' 'Ljava/lang/Object;' @108  null (0x00000000)
 - signature: Lorg/lwjgl/opengl/GL11C;
 - ---- static fields (0):
 - public static final 'GL_NEVER' 'I' @112  512 (0x00000200)
 - public static final 'GL_LESS' 'I' @116  513 (0x00000201)
 - public static final 'GL_EQUAL' 'I' @120  514 (0x00000202)
 - public static final 'GL_LEQUAL' 'I' @124  515 (0x00000203)
 - public static final 'GL_GREATER' 'I' @128  516 (0x00000204)
 - public static final 'GL_NOTEQUAL' 'I' @132  517 (0x00000205)
 - public static final 'GL_GEQUAL' 'I' @136  518 (0x00000206)
 - public static final 'GL_ALWAYS' 'I' @140  519 (0x00000207)
 - public static final 'GL_DEPTH_BUFFER_BIT' 'I' @144  256 (0x00000100)
 - public static final 'GL_STENCIL_BUFFER_BIT' 'I' @148  1024 (0x00000400)
 - public static final 'GL_COLOR_BUFFER_BIT' 'I' @152  16384 (0x00004000)
 - public static final 'GL_POINTS' 'I' @156  0 (0x00000000)
 - public static final 'GL_LINES' 'I' @160  1 (0x00000001)
 - public static final 'GL_LINE_LOOP' 'I' @164  2 (0x00000002)
 - public static final 'GL_LINE_STRIP' 'I' @168  3 (0x00000003)
 - public static final 'GL_TRIANGLES' 'I' @172  4 (0x00000004)
 - public static final 'GL_TRIANGLE_STRIP' 'I' @176  5 (0x00000005)
 - public static final 'GL_TRIANGLE_FAN' 'I' @180  6 (0x00000006)
 - public static final 'GL_QUADS' 'I' @184  7 (0x00000007)
 - public static final 'GL_ZERO' 'I' @188  0 (0x00000000)
 - public static final 'GL_ONE' 'I' @192  1 (0x00000001)
 - public static final 'GL_SRC_COLOR' 'I' @196  768 (0x00000300)
 - public static final 'GL_ONE_MINUS_SRC_COLOR' 'I' @200  769 (0x00000301)
 - public static final 'GL_SRC_ALPHA' 'I' @204  770 (0x00000302)
 - public static final 'GL_ONE_MINUS_SRC_ALPHA' 'I' @208  771 (0x00000303)
 - public static final 'GL_DST_ALPHA' 'I' @212  772 (0x00000304)
 - public static final 'GL_ONE_MINUS_DST_ALPHA' 'I' @216  773 (0x00000305)
 - public static final 'GL_DST_COLOR' 'I' @220  774 (0x00000306)
 - public static final 'GL_ONE_MINUS_DST_COLOR' 'I' @224  775 (0x00000307)
 - public static final 'GL_SRC_ALPHA_SATURATE' 'I' @228  776 (0x00000308)
 - public static final 'GL_TRUE' 'I' @232  1 (0x00000001)
 - public static final 'GL_FALSE' 'I' @236  0 (0x00000000)
 - public static final 'GL_BYTE' 'I' @240  5120 (0x00001400)
 - public static final 'GL_UNSIGNED_BYTE' 'I' @244  5121 (0x00001401)
 - public static final 'GL_SHORT' 'I' @248  5122 (0x00001402)
 - public static final 'GL_UNSIGNED_SHORT' 'I' @252  5123 (0x00001403)
 - public static final 'GL_INT' 'I' @256  5124 (0x00001404)
 - public static final 'GL_UNSIGNED_INT' 'I' @260  5125 (0x00001405)
 - public static final 'GL_FLOAT' 'I' @264  5126 (0x00001406)
 - public static final 'GL_DOUBLE' 'I' @268  5130 (0x0000140a)
 - public static final 'GL_NONE' 'I' @272  0 (0x00000000)
 - public static final 'GL_FRONT_LEFT' 'I' @276  1024 (0x00000400)
 - public static final 'GL_FRONT_RIGHT' 'I' @280  1025 (0x00000401)
 - public static final 'GL_BACK_LEFT' 'I' @284  1026 (0x00000402)
 - public static final 'GL_BACK_RIGHT' 'I' @288  1027 (0x00000403)
 - public static final 'GL_FRONT' 'I' @292  1028 (0x00000404)
 - public static final 'GL_BACK' 'I' @296  1029 (0x00000405)
 - public static final 'GL_LEFT' 'I' @300  1030 (0x00000406)
 - public static final 'GL_RIGHT' 'I' @304  1031 (0x00000407)
 - public static final 'GL_FRONT_AND_BACK' 'I' @308  1032 (0x00000408)
 - public static final 'GL_NO_ERROR' 'I' @312  0 (0x00000000)
 - public static final 'GL_INVALID_ENUM' 'I' @316  1280 (0x00000500)
 - public static final 'GL_INVALID_VALUE' 'I' @320  1281 (0x00000501)
 - public static final 'GL_INVALID_OPERATION' 'I' @324  1282 (0x00000502)
 - public static final 'GL_STACK_OVERFLOW' 'I' @328  1283 (0x00000503)
 - public static final 'GL_STACK_UNDERFLOW' 'I' @332  1284 (0x00000504)
 - public static final 'GL_OUT_OF_MEMORY' 'I' @336  1285 (0x00000505)
 - public static final 'GL_CW' 'I' @340  2304 (0x00000900)
 - public static final 'GL_CCW' 'I' @344  2305 (0x00000901)
 - public static final 'GL_POINT_SIZE' 'I' @348  2833 (0x00000b11)
 - public static final 'GL_POINT_SIZE_RANGE' 'I' @352  2834 (0x00000b12)
 - public static final 'GL_POINT_SIZE_GRANULARITY' 'I' @356  2835 (0x00000b13)
 - public static final 'GL_LINE_SMOOTH' 'I' @360  2848 (0x00000b20)
 - public static final 'GL_LINE_WIDTH' 'I' @364  2849 (0x00000b21)
 - public static final 'GL_LINE_WIDTH_RANGE' 'I' @368  2850 (0x00000b22)
 - public static final 'GL_LINE_WIDTH_GRANULARITY' 'I' @372  2851 (0x00000b23)
 - public static final 'GL_POLYGON_MODE' 'I' @376  2880 (0x00000b40)
 - public static final 'GL_POLYGON_SMOOTH' 'I' @380  2881 (0x00000b41)
 - public static final 'GL_CULL_FACE' 'I' @384  2884 (0x00000b44)
 - public static final 'GL_CULL_FACE_MODE' 'I' @388  2885 (0x00000b45)
 - public static final 'GL_FRONT_FACE' 'I' @392  2886 (0x00000b46)
 - public static final 'GL_DEPTH_RANGE' 'I' @396  2928 (0x00000b70)
 - public static final 'GL_DEPTH_TEST' 'I' @400  2929 (0x00000b71)
 - public static final 'GL_DEPTH_WRITEMASK' 'I' @404  2930 (0x00000b72)
 - public static final 'GL_DEPTH_CLEAR_VALUE' 'I' @408  2931 (0x00000b73)
 - public static final 'GL_DEPTH_FUNC' 'I' @412  2932 (0x00000b74)
 - public static final 'GL_STENCIL_TEST' 'I' @416  2960 (0x00000b90)
 - public static final 'GL_STENCIL_CLEAR_VALUE' 'I' @420  2961 (0x00000b91)
 - public static final 'GL_STENCIL_FUNC' 'I' @424  2962 (0x00000b92)
 - public static final 'GL_STENCIL_VALUE_MASK' 'I' @428  2963 (0x00000b93)
 - public static final 'GL_STENCIL_FAIL' 'I' @432  2964 (0x00000b94)
 - public static final 'GL_STENCIL_PASS_DEPTH_FAIL' 'I' @436  2965 (0x00000b95)
 - public static final 'GL_STENCIL_PASS_DEPTH_PASS' 'I' @440  2966 (0x00000b96)
 - public static final 'GL_STENCIL_REF' 'I' @444  2967 (0x00000b97)
 - public static final 'GL_STENCIL_WRITEMASK' 'I' @448  2968 (0x00000b98)
 - public static final 'GL_VIEWPORT' 'I' @452  2978 (0x00000ba2)
 - public static final 'GL_DITHER' 'I' @456  3024 (0x00000bd0)
 - public static final 'GL_BLEND_DST' 'I' @460  3040 (0x00000be0)
 - public static final 'GL_BLEND_SRC' 'I' @464  3041 (0x00000be1)
 - public static final 'GL_BLEND' 'I' @468  3042 (0x00000be2)
 - public static final 'GL_LOGIC_OP_MODE' 'I' @472  3056 (0x00000bf0)
 - public static final 'GL_COLOR_LOGIC_OP' 'I' @476  3058 (0x00000bf2)
 - public static final 'GL_DRAW_BUFFER' 'I' @480  3073 (0x00000c01)
 - public static final 'GL_READ_BUFFER' 'I' @484  3074 (0x00000c02)
 - public static final 'GL_SCISSOR_BOX' 'I' @488  3088 (0x00000c10)
 - public static final 'GL_SCISSOR_TEST' 'I' @492  3089 (0x00000c11)
 - public static final 'GL_COLOR_CLEAR_VALUE' 'I' @496  3106 (0x00000c22)
 - public static final 'GL_COLOR_WRITEMASK' 'I' @500  3107 (0x00000c23)
 - public static final 'GL_DOUBLEBUFFER' 'I' @504  3122 (0x00000c32)
 - public static final 'GL_STEREO' 'I' @508  3123 (0x00000c33)
 - public static final 'GL_LINE_SMOOTH_HINT' 'I' @512  3154 (0x00000c52)
 - public static final 'GL_POLYGON_SMOOTH_HINT' 'I' @516  3155 (0x00000c53)
 - public static final 'GL_UNPACK_SWAP_BYTES' 'I' @520  3312 (0x00000cf0)
 - public static final 'GL_UNPACK_LSB_FIRST' 'I' @524  3313 (0x00000cf1)
 - public static final 'GL_UNPACK_ROW_LENGTH' 'I' @528  3314 (0x00000cf2)
 - public static final 'GL_UNPACK_SKIP_ROWS' 'I' @532  3315 (0x00000cf3)
 - public static final 'GL_UNPACK_SKIP_PIXELS' 'I' @536  3316 (0x00000cf4)
 - public static final 'GL_UNPACK_ALIGNMENT' 'I' @540  3317 (0x00000cf5)
 - public static final 'GL_PACK_SWAP_BYTES' 'I' @544  3328 (0x00000d00)
 - public static final 'GL_PACK_LSB_FIRST' 'I' @548  3329 (0x00000d01)
 - public static final 'GL_PACK_ROW_LENGTH' 'I' @552  3330 (0x00000d02)
 - public static final 'GL_PACK_SKIP_ROWS' 'I' @556  3331 (0x00000d03)
 - public static final 'GL_PACK_SKIP_PIXELS' 'I' @560  3332 (0x00000d04)
 - public static final 'GL_PACK_ALIGNMENT' 'I' @564  3333 (0x00000d05)
 - public static final 'GL_MAX_TEXTURE_SIZE' 'I' @568  3379 (0x00000d33)
 - public static final 'GL_MAX_VIEWPORT_DIMS' 'I' @572  3386 (0x00000d3a)
 - public static final 'GL_SUBPIXEL_BITS' 'I' @576  3408 (0x00000d50)
 - public static final 'GL_TEXTURE_1D' 'I' @580  3552 (0x00000de0)
 - public static final 'GL_TEXTURE_2D' 'I' @584  3553 (0x00000de1)
 - public static final 'GL_TEXTURE_WIDTH' 'I' @588  4096 (0x00001000)
 - public static final 'GL_TEXTURE_HEIGHT' 'I' @592  4097 (0x00001001)
 - public static final 'GL_TEXTURE_INTERNAL_FORMAT' 'I' @596  4099 (0x00001003)
 - public static final 'GL_TEXTURE_BORDER_COLOR' 'I' @600  4100 (0x00001004)
 - public static final 'GL_DONT_CARE' 'I' @604  4352 (0x00001100)
 - public static final 'GL_FASTEST' 'I' @608  4353 (0x00001101)
 - public static final 'GL_NICEST' 'I' @612  4354 (0x00001102)
 - public static final 'GL_CLEAR' 'I' @616  5376 (0x00001500)
 - public static final 'GL_AND' 'I' @620  5377 (0x00001501)
 - public static final 'GL_AND_REVERSE' 'I' @624  5378 (0x00001502)
 - public static final 'GL_COPY' 'I' @628  5379 (0x00001503)
 - public static final 'GL_AND_INVERTED' 'I' @632  5380 (0x00001504)
 - public static final 'GL_NOOP' 'I' @636  5381 (0x00001505)
 - public static final 'GL_XOR' 'I' @640  5382 (0x00001506)
 - public static final 'GL_OR' 'I' @644  5383 (0x00001507)
 - public static final 'GL_NOR' 'I' @648  5384 (0x00001508)
 - public static final 'GL_EQUIV' 'I' @652  5385 (0x00001509)
 - public static final 'GL_INVERT' 'I' @656  5386 (0x0000150a)
 - public static final 'GL_OR_REVERSE' 'I' @660  5387 (0x0000150b)
 - public static final 'GL_COPY_INVERTED' 'I' @664  5388 (0x0000150c)
 - public static final 'GL_OR_INVERTED' 'I' @668  5389 (0x0000150d)
 - public static final 'GL_NAND' 'I' @672  5390 (0x0000150e)
 - public static final 'GL_SET' 'I' @676  5391 (0x0000150f)
 - public static final 'GL_TEXTURE' 'I' @680  5890 (0x00001702)
 - public static final 'GL_COLOR' 'I' @684  6144 (0x00001800)
 - public static final 'GL_DEPTH' 'I' @688  6145 (0x00001801)
 - public static final 'GL_STENCIL' 'I' @692  6146 (0x00001802)
 - public static final 'GL_STENCIL_INDEX' 'I' @696  6401 (0x00001901)
 - public static final 'GL_DEPTH_COMPONENT' 'I' @700  6402 (0x00001902)
 - public static final 'GL_RED' 'I' @704  6403 (0x00001903)
 - public static final 'GL_GREEN' 'I' @708  6404 (0x00001904)
 - public static final 'GL_BLUE' 'I' @712  6405 (0x00001905)
 - public static final 'GL_ALPHA' 'I' @716  6406 (0x00001906)
 - public static final 'GL_RGB' 'I' @720  6407 (0x00001907)
 - public static final 'GL_RGBA' 'I' @724  6408 (0x00001908)
 - public static final 'GL_POINT' 'I' @728  6912 (0x00001b00)
 - public static final 'GL_LINE' 'I' @732  6913 (0x00001b01)
 - public static final 'GL_FILL' 'I' @736  6914 (0x00001b02)
 - public static final 'GL_KEEP' 'I' @740  7680 (0x00001e00)
 - public static final 'GL_REPLACE' 'I' @744  7681 (0x00001e01)
 - public static final 'GL_INCR' 'I' @748  7682 (0x00001e02)
 - public static final 'GL_DECR' 'I' @752  7683 (0x00001e03)
 - public static final 'GL_VENDOR' 'I' @756  7936 (0x00001f00)
 - public static final 'GL_RENDERER' 'I' @760  7937 (0x00001f01)
 - public static final 'GL_VERSION' 'I' @764  7938 (0x00001f02)
 - public static final 'GL_EXTENSIONS' 'I' @768  7939 (0x00001f03)
 - public static final 'GL_NEAREST' 'I' @772  9728 (0x00002600)
 - public static final 'GL_LINEAR' 'I' @776  9729 (0x00002601)
 - public static final 'GL_NEAREST_MIPMAP_NEAREST' 'I' @780  9984 (0x00002700)
 - public static final 'GL_LINEAR_MIPMAP_NEAREST' 'I' @784  9985 (0x00002701)
 - public static final 'GL_NEAREST_MIPMAP_LINEAR' 'I' @788  9986 (0x00002702)
 - public static final 'GL_LINEAR_MIPMAP_LINEAR' 'I' @792  9987 (0x00002703)
 - public static final 'GL_TEXTURE_MAG_FILTER' 'I' @796  10240 (0x00002800)
 - public static final 'GL_TEXTURE_MIN_FILTER' 'I' @800  10241 (0x00002801)
 - public static final 'GL_TEXTURE_WRAP_S' 'I' @804  10242 (0x00002802)
 - public static final 'GL_TEXTURE_WRAP_T' 'I' @808  10243 (0x00002803)
 - public static final 'GL_REPEAT' 'I' @812  10497 (0x00002901)
 - public static final 'GL_POLYGON_OFFSET_FACTOR' 'I' @816  32824 (0x00008038)
 - public static final 'GL_POLYGON_OFFSET_UNITS' 'I' @820  10752 (0x00002a00)
 - public static final 'GL_POLYGON_OFFSET_POINT' 'I' @824  10753 (0x00002a01)
 - public static final 'GL_POLYGON_OFFSET_LINE' 'I' @828  10754 (0x00002a02)
 - public static final 'GL_POLYGON_OFFSET_FILL' 'I' @832  32823 (0x00008037)
 - public static final 'GL_R3_G3_B2' 'I' @836  10768 (0x00002a10)
 - public static final 'GL_RGB4' 'I' @840  32847 (0x0000804f)
 - public static final 'GL_RGB5' 'I' @844  32848 (0x00008050)
 - public static final 'GL_RGB8' 'I' @848  32849 (0x00008051)
 - public static final 'GL_RGB10' 'I' @852  32850 (0x00008052)
 - public static final 'GL_RGB12' 'I' @856  32851 (0x00008053)
 - public static final 'GL_RGB16' 'I' @860  32852 (0x00008054)
 - public static final 'GL_RGBA2' 'I' @864  32853 (0x00008055)
 - public static final 'GL_RGBA4' 'I' @868  32854 (0x00008056)
 - public static final 'GL_RGB5_A1' 'I' @872  32855 (0x00008057)
 - public static final 'GL_RGBA8' 'I' @876  32856 (0x00008058)
 - public static final 'GL_RGB10_A2' 'I' @880  32857 (0x00008059)
 - public static final 'GL_RGBA12' 'I' @884  32858 (0x0000805a)
 - public static final 'GL_RGBA16' 'I' @888  32859 (0x0000805b)
 - public static final 'GL_TEXTURE_RED_SIZE' 'I' @892  32860 (0x0000805c)
 - public static final 'GL_TEXTURE_GREEN_SIZE' 'I' @896  32861 (0x0000805d)
 - public static final 'GL_TEXTURE_BLUE_SIZE' 'I' @900  32862 (0x0000805e)
 - public static final 'GL_TEXTURE_ALPHA_SIZE' 'I' @904  32863 (0x0000805f)
 - public static final 'GL_PROXY_TEXTURE_1D' 'I' @908  32867 (0x00008063)
 - public static final 'GL_PROXY_TEXTURE_2D' 'I' @912  32868 (0x00008064)
 - public static final 'GL_TEXTURE_BINDING_1D' 'I' @916  32872 (0x00008068)
 - public static final 'GL_TEXTURE_BINDING_2D' 'I' @920  32873 (0x00008069)
 - public static final 'GL_VERTEX_ARRAY' 'I' @924  32884 (0x00008074)
R12=0x0 is null
R13=0x00000160c154d838 is pointing into metadata
R14=0x00000038090ff640 is pointing into the stack for thread: 0x00000160d7a18570
R15=0x00000160d7a18570 is a thread

Top of Stack: (sp=0x00000038090ff5a8)
0x00000038090ff5a8:   00000160e99fd207 00000160c154d840
0x00000038090ff5b8:   0000000000000000 0000000000000000
0x00000038090ff5c8:   fffffffffffffff7 00000160e99fce9b
0x00000038090ff5d8:   fffffffffffffff7 00000160c154d838
0x00000038090ff5e8:   0000000000000004 00000160c155af58
0x00000038090ff5f8:   0000000000000000 00000007105d5a08
0x00000038090ff608:   00000160c154d840 0000000000000000
0x00000038090ff618:   00000038090ff640 00000038090ff690
0x00000038090ff628:   00000160e99f8700 00000007105d5a08
0x00000038090ff638:   00000160e99fa5d7 0000000000004100
0x00000038090ff648:   fffffffffffffff7 00000160c1516e09
0x00000038090ff658:   0000000000000002 00000160c1543700
0x00000038090ff668:   0000000000000000 0000000710571fb8
0x00000038090ff678:   00000160c1516e30 fffffffffffffff6
0x00000038090ff688:   00000038090ff6a0 00000038090ff6f0
0x00000038090ff698:   00000160e99f8700 0000000000004100
0x00000038090ff6a8:   fffffffffffffff7 00000160c14a7d30
0x00000038090ff6b8:   0000000000000008 00000160c14f2e58
0x00000038090ff6c8:   0000000000000000 00000007104fc470
0x00000038090ff6d8:   00000160c14f29f0 fffffffffffffff6
0x00000038090ff6e8:   00000038090ff728 00000038090ff780
0x00000038090ff6f8:   00000160e99f8700 0000000000000000
0x00000038090ff708:   0000000000000000 0000000000000000
0x00000038090ff718:   0000000000000000 0000000000000000
0x00000038090ff728:   0000000710464be8 00000007104fc570
0x00000038090ff738:   fffffffffffffff7 00000160c14f28a4
0x00000038090ff748:   0000000000000003 00000160c14f2e58
0x00000038090ff758:   0000000000000000 00000007104fc470
0x00000038090ff768:   00000160c14f28e0 fffffffffffffff5
0x00000038090ff778:   00000038090ff790 00000038090ff7e8
0x00000038090ff788:   00000160e99f8700 0000000710464be8
0x00000038090ff798:   00000007104fc570 fffffffffffffff7 

Instructions: (pc=0x00007ff8dfc4c59a)
0x00007ff8dfc4c49a:   cc cc cc cc cc cc 48 8b 01 49 8b c8 48 8b 50 18
0x00007ff8dfc4c4aa:   48 ff a2 58 0a 00 00 cc cc cc cc cc cc cc cc cc
0x00007ff8dfc4c4ba:   cc cc cc cc cc cc 48 8b 01 49 8b c8 48 8b 50 18
0x00007ff8dfc4c4ca:   48 ff a2 60 0a 00 00 cc cc cc cc cc cc cc cc cc
0x00007ff8dfc4c4da:   cc cc cc cc cc cc 48 8b 01 49 8b c8 48 8b 50 18
0x00007ff8dfc4c4ea:   48 ff a2 68 0a 00 00 cc cc cc cc cc cc cc cc cc
0x00007ff8dfc4c4fa:   cc cc cc cc cc cc 40 53 48 8b 01 41 8b d8 44 8b
0x00007ff8dfc4c50a:   44 24 30 41 8b d1 4c 8b 4c 24 38 8b cb 4c 8b 50
0x00007ff8dfc4c51a:   18 5b 49 ff a2 70 0a 00 00 cc cc cc cc cc cc cc
0x00007ff8dfc4c52a:   cc cc cc cc cc cc 48 8b 01 41 8b c8 48 8b 50 18
0x00007ff8dfc4c53a:   48 ff 22 cc cc cc 48 8b 01 41 8b c8 48 8b 50 18
0x00007ff8dfc4c54a:   48 ff 62 08 cc cc 48 8b 01 41 8b d1 41 8b c8 4c
0x00007ff8dfc4c55a:   8b 50 18 49 ff 62 38 cc cc cc cc cc cc cc cc cc
0x00007ff8dfc4c56a:   cc cc cc cc cc cc 48 8b 01 41 8b d1 41 8b c8 4c
0x00007ff8dfc4c57a:   8b 50 18 49 ff 62 48 cc cc cc cc cc cc cc cc cc
0x00007ff8dfc4c58a:   cc cc cc cc cc cc 48 8b 01 41 8b c8 48 8b 50 18
0x00007ff8dfc4c59a:   48 ff 62 60 cc cc 48 8b 01 0f 28 cb f3 0f 10 5c
0x00007ff8dfc4c5aa:   24 30 0f 28 c2 f3 0f 10 54 24 28 48 8b 48 18 48
0x00007ff8dfc4c5ba:   ff 61 70 cc cc cc 48 8b 01 0f 28 c2 48 8b 48 18
0x00007ff8dfc4c5ca:   48 ff 61 78 cc cc 48 8b 01 41 8b c8 48 8b 50 18
0x00007ff8dfc4c5da:   48 ff a2 88 00 00 00 cc cc cc cc cc cc cc cc cc
0x00007ff8dfc4c5ea:   cc cc cc cc cc cc 40 53 48 8b 01 41 0f b6 d8 44
0x00007ff8dfc4c5fa:   0f b6 44 24 30 41 0f b6 d1 44 0f b6 4c 24 38 0f
0x00007ff8dfc4c60a:   b6 cb 4c 8b 50 18 5b 49 ff a2 98 01 00 00 cc cc
0x00007ff8dfc4c61a:   cc cc cc cc cc cc 48 8b 01 41 8b c8 48 8b 50 18
0x00007ff8dfc4c62a:   48 ff a2 b8 01 00 00 cc cc cc cc cc cc cc cc cc
0x00007ff8dfc4c63a:   cc cc cc cc cc cc 48 8b 01 41 8b c8 48 8b 50 18
0x00007ff8dfc4c64a:   48 ff a2 c8 01 00 00 cc cc cc cc cc cc cc cc cc
0x00007ff8dfc4c65a:   cc cc cc cc cc cc 48 8b 01 41 0f b6 c8 48 8b 50
0x00007ff8dfc4c66a:   18 48 ff a2 d0 01 00 00 cc cc cc cc cc cc cc cc
0x00007ff8dfc4c67a:   cc cc cc cc cc cc 48 8b 01 0f 28 cb 0f 28 c2 48
0x00007ff8dfc4c68a:   8b 48 18 48 ff a1 d8 01 00 00 cc cc cc cc cc cc 


Stack slot to memory mapping:

stack at sp + 0 slots: 0x00000160e99fd207 is at code_begin+1063 in an Interpreter codelet
native method entry point (kind = native)  [0x00000160e99fcde0, 0x00000160e99fd938]  2904 bytes
stack at sp + 1 slots: {method} {0x00000160c154d848} 'glClear' '(I)V' in 'org/lwjgl/opengl/GL11C'
stack at sp + 2 slots: 0x0 is null
stack at sp + 3 slots: 0x0 is null
stack at sp + 4 slots: 0xfffffffffffffff7 is an unknown value
stack at sp + 5 slots: 0x00000160e99fce9b is at code_begin+187 in an Interpreter codelet
native method entry point (kind = native)  [0x00000160e99fcde0, 0x00000160e99fd938]  2904 bytes
stack at sp + 6 slots: 0xfffffffffffffff7 is an unknown value
stack at sp + 7 slots: 0x00000160c154d838 is pointing into metadata

Lock stack of current Java thread (top to bottom):


---------------  P R O C E S S  ---------------

Threads class SMR info:
_java_thread_list=0x00000160c54868f0, length=12, elements={
0x00000160d7a18570, 0x00000160f9808530, 0x00000160f980b310, 0x00000160f980c1f0,
0x00000160f980ec60, 0x00000160f98196e0, 0x00000160c5030dc0, 0x00000160c5031b50,
0x00000160c5034610, 0x00000160c5125440, 0x00000160c545a0f0, 0x00000160c547af70
}

Java Threads: ( => current thread )
=>0x00000160d7a18570 JavaThread "main"                              [_thread_in_native, id=21192, stack(0x0000003809000000,0x0000003809100000) (1024K)]
  0x00000160f9808530 JavaThread "Reference Handler"          daemon [_thread_blocked, id=3524, stack(0x0000003809800000,0x0000003809900000) (1024K)]
  0x00000160f980b310 JavaThread "Finalizer"                  daemon [_thread_blocked, id=10900, stack(0x0000003809900000,0x0000003809a00000) (1024K)]
  0x00000160f980c1f0 JavaThread "Signal Dispatcher"          daemon [_thread_blocked, id=16948, stack(0x0000003809a00000,0x0000003809b00000) (1024K)]
  0x00000160f980ec60 JavaThread "Attach Listener"            daemon [_thread_blocked, id=2620, stack(0x0000003809b00000,0x0000003809c00000) (1024K)]
  0x00000160f98196e0 JavaThread "Service Thread"             daemon [_thread_blocked, id=13500, stack(0x0000003809c00000,0x0000003809d00000) (1024K)]
  0x00000160c5030dc0 JavaThread "Monitor Deflation Thread"   daemon [_thread_blocked, id=9308, stack(0x0000003809d00000,0x0000003809e00000) (1024K)]
  0x00000160c5031b50 JavaThread "C2 CompilerThread0"         daemon [_thread_blocked, id=16748, stack(0x0000003809e00000,0x0000003809f00000) (1024K)]
  0x00000160c5034610 JavaThread "C1 CompilerThread0"         daemon [_thread_blocked, id=12008, stack(0x0000003809f00000,0x000000380a000000) (1024K)]
  0x00000160c5125440 JavaThread "Common-Cleaner"             daemon [_thread_blocked, id=12264, stack(0x000000380a000000,0x000000380a100000) (1024K)]
  0x00000160c545a0f0 JavaThread "Monitor Ctrl-Break"         daemon [_thread_in_native, id=16900, stack(0x000000380a200000,0x000000380a300000) (1024K)]
  0x00000160c547af70 JavaThread "Notification Thread"        daemon [_thread_blocked, id=22220, stack(0x000000380a300000,0x000000380a400000) (1024K)]
Total: 12

Other Threads:
  0x00000160f97ecab0 VMThread "VM Thread"                           [id=10132, stack(0x0000003809700000,0x0000003809800000) (1024K)]
  0x00000160f97dac60 WatcherThread "VM Periodic Task Thread"        [id=16792, stack(0x0000003809600000,0x0000003809700000) (1024K)]
  0x00000160d9defca0 WorkerThread "GC Thread#0"                     [id=14156, stack(0x0000003809100000,0x0000003809200000) (1024K)]
  0x00000160d9e04cc0 ConcurrentGCThread "G1 Main Marker"            [id=20508, stack(0x0000003809200000,0x0000003809300000) (1024K)]
  0x00000160d9e056e0 WorkerThread "G1 Conc#0"                       [id=12588, stack(0x0000003809300000,0x0000003809400000) (1024K)]
  0x00000160f969f1c0 ConcurrentGCThread "G1 Refine#0"               [id=15600, stack(0x0000003809400000,0x0000003809500000) (1024K)]
  0x00000160f969fc50 ConcurrentGCThread "G1 Service"                [id=15568, stack(0x0000003809500000,0x0000003809600000) (1024K)]
Total: 7

Threads with active compile tasks:
Total: 0

VM state: not at safepoint (normal execution)

VM Mutex/Monitor currently owned by a thread: None

Heap address: 0x0000000700c00000, size: 4084 MB, Compressed Oops mode: Zero based, Oop shift amount: 3

CDS archive(s) mapped at: [0x0000016080000000-0x0000016080d70000-0x0000016080d70000), size 14090240, SharedBaseAddress: 0x0000016080000000, ArchiveRelocationMode: 1.
Compressed class space mapped at: 0x0000016081000000-0x00000160c1000000, reserved size: 1073741824
Narrow klass base: 0x0000016080000000, Narrow klass shift: 0, Narrow klass range: 0x41000000

GC Precious Log:
 CardTable entry size: 512
 Card Set container configuration: InlinePtr #cards 4 size 8 Array Of Cards #cards 16 size 48 Howl #buckets 8 coarsen threshold 3686 Howl Bitmap #cards 512 size 80 coarsen threshold 460 Card regions per heap region 1 cards per card region 4096
 CPUs: 12 total, 12 available
 Memory: 16332M
 Large Page Support: Disabled
 NUMA Support: Disabled
 Compressed Oops: Enabled (Zero based)
 Heap Region Size: 2M
 Heap Min Capacity: 8M
 Heap Initial Capacity: 256M
 Heap Max Capacity: 4084M
 Pre-touch: Disabled
 Parallel Workers: 10
 Concurrent Workers: 3
 Concurrent Refinement Workers: 10
 Periodic GC: Disabled

Heap:
 garbage-first heap   total reserved 4182016K, committed 262144K, used 6144K [0x0000000700c00000, 0x0000000800000000)
  region size 2048K, 4 young (8192K), 0 survivors (0K)
 Metaspace       used 3418K, committed 3584K, reserved 1114112K
  class space    used 248K, committed 320K, reserved 1048576K

Heap Regions: E=young(eden), S=young(survivor), O=old, HS=humongous(starts), HC=humongous(continues), CS=collection set, F=free, TAMS=top-at-mark-start, PB=parsable bottom
|   0|0x0000000700c00000, 0x0000000700c00000, 0x0000000700e00000|  0%| F|  |TAMS 0x0000000700c00000| PB 0x0000000700c00000| Untracked |  0
|   1|0x0000000700e00000, 0x0000000700e00000, 0x0000000701000000|  0%| F|  |TAMS 0x0000000700e00000| PB 0x0000000700e00000| Untracked |  0
|   2|0x0000000701000000, 0x0000000701000000, 0x0000000701200000|  0%| F|  |TAMS 0x0000000701000000| PB 0x0000000701000000| Untracked |  0
|   3|0x0000000701200000, 0x0000000701200000, 0x0000000701400000|  0%| F|  |TAMS 0x0000000701200000| PB 0x0000000701200000| Untracked |  0
|   4|0x0000000701400000, 0x0000000701400000, 0x0000000701600000|  0%| F|  |TAMS 0x0000000701400000| PB 0x0000000701400000| Untracked |  0
|   5|0x0000000701600000, 0x0000000701600000, 0x0000000701800000|  0%| F|  |TAMS 0x0000000701600000| PB 0x0000000701600000| Untracked |  0
|   6|0x0000000701800000, 0x0000000701800000, 0x0000000701a00000|  0%| F|  |TAMS 0x0000000701800000| PB 0x0000000701800000| Untracked |  0
|   7|0x0000000701a00000, 0x0000000701a00000, 0x0000000701c00000|  0%| F|  |TAMS 0x0000000701a00000| PB 0x0000000701a00000| Untracked |  0
|   8|0x0000000701c00000, 0x0000000701c00000, 0x0000000701e00000|  0%| F|  |TAMS 0x0000000701c00000| PB 0x0000000701c00000| Untracked |  0
|   9|0x0000000701e00000, 0x0000000701e00000, 0x0000000702000000|  0%| F|  |TAMS 0x0000000701e00000| PB 0x0000000701e00000| Untracked |  0
|  10|0x0000000702000000, 0x0000000702000000, 0x0000000702200000|  0%| F|  |TAMS 0x0000000702000000| PB 0x0000000702000000| Untracked |  0
|  11|0x0000000702200000, 0x0000000702200000, 0x0000000702400000|  0%| F|  |TAMS 0x0000000702200000| PB 0x0000000702200000| Untracked |  0
|  12|0x0000000702400000, 0x0000000702400000, 0x0000000702600000|  0%| F|  |TAMS 0x0000000702400000| PB 0x0000000702400000| Untracked |  0
|  13|0x0000000702600000, 0x0000000702600000, 0x0000000702800000|  0%| F|  |TAMS 0x0000000702600000| PB 0x0000000702600000| Untracked |  0
|  14|0x0000000702800000, 0x0000000702800000, 0x0000000702a00000|  0%| F|  |TAMS 0x0000000702800000| PB 0x0000000702800000| Untracked |  0
|  15|0x0000000702a00000, 0x0000000702a00000, 0x0000000702c00000|  0%| F|  |TAMS 0x0000000702a00000| PB 0x0000000702a00000| Untracked |  0
|  16|0x0000000702c00000, 0x0000000702c00000, 0x0000000702e00000|  0%| F|  |TAMS 0x0000000702c00000| PB 0x0000000702c00000| Untracked |  0
|  17|0x0000000702e00000, 0x0000000702e00000, 0x0000000703000000|  0%| F|  |TAMS 0x0000000702e00000| PB 0x0000000702e00000| Untracked |  0
|  18|0x0000000703000000, 0x0000000703000000, 0x0000000703200000|  0%| F|  |TAMS 0x0000000703000000| PB 0x0000000703000000| Untracked |  0
|  19|0x0000000703200000, 0x0000000703200000, 0x0000000703400000|  0%| F|  |TAMS 0x0000000703200000| PB 0x0000000703200000| Untracked |  0
|  20|0x0000000703400000, 0x0000000703400000, 0x0000000703600000|  0%| F|  |TAMS 0x0000000703400000| PB 0x0000000703400000| Untracked |  0
|  21|0x0000000703600000, 0x0000000703600000, 0x0000000703800000|  0%| F|  |TAMS 0x0000000703600000| PB 0x0000000703600000| Untracked |  0
|  22|0x0000000703800000, 0x0000000703800000, 0x0000000703a00000|  0%| F|  |TAMS 0x0000000703800000| PB 0x0000000703800000| Untracked |  0
|  23|0x0000000703a00000, 0x0000000703a00000, 0x0000000703c00000|  0%| F|  |TAMS 0x0000000703a00000| PB 0x0000000703a00000| Untracked |  0
|  24|0x0000000703c00000, 0x0000000703c00000, 0x0000000703e00000|  0%| F|  |TAMS 0x0000000703c00000| PB 0x0000000703c00000| Untracked |  0
|  25|0x0000000703e00000, 0x0000000703e00000, 0x0000000704000000|  0%| F|  |TAMS 0x0000000703e00000| PB 0x0000000703e00000| Untracked |  0
|  26|0x0000000704000000, 0x0000000704000000, 0x0000000704200000|  0%| F|  |TAMS 0x0000000704000000| PB 0x0000000704000000| Untracked |  0
|  27|0x0000000704200000, 0x0000000704200000, 0x0000000704400000|  0%| F|  |TAMS 0x0000000704200000| PB 0x0000000704200000| Untracked |  0
|  28|0x0000000704400000, 0x0000000704400000, 0x0000000704600000|  0%| F|  |TAMS 0x0000000704400000| PB 0x0000000704400000| Untracked |  0
|  29|0x0000000704600000, 0x0000000704600000, 0x0000000704800000|  0%| F|  |TAMS 0x0000000704600000| PB 0x0000000704600000| Untracked |  0
|  30|0x0000000704800000, 0x0000000704800000, 0x0000000704a00000|  0%| F|  |TAMS 0x0000000704800000| PB 0x0000000704800000| Untracked |  0
|  31|0x0000000704a00000, 0x0000000704a00000, 0x0000000704c00000|  0%| F|  |TAMS 0x0000000704a00000| PB 0x0000000704a00000| Untracked |  0
|  32|0x0000000704c00000, 0x0000000704c00000, 0x0000000704e00000|  0%| F|  |TAMS 0x0000000704c00000| PB 0x0000000704c00000| Untracked |  0
|  33|0x0000000704e00000, 0x0000000704e00000, 0x0000000705000000|  0%| F|  |TAMS 0x0000000704e00000| PB 0x0000000704e00000| Untracked |  0
|  34|0x0000000705000000, 0x0000000705000000, 0x0000000705200000|  0%| F|  |TAMS 0x0000000705000000| PB 0x0000000705000000| Untracked |  0
|  35|0x0000000705200000, 0x0000000705200000, 0x0000000705400000|  0%| F|  |TAMS 0x0000000705200000| PB 0x0000000705200000| Untracked |  0
|  36|0x0000000705400000, 0x0000000705400000, 0x0000000705600000|  0%| F|  |TAMS 0x0000000705400000| PB 0x0000000705400000| Untracked |  0
|  37|0x0000000705600000, 0x0000000705600000, 0x0000000705800000|  0%| F|  |TAMS 0x0000000705600000| PB 0x0000000705600000| Untracked |  0
|  38|0x0000000705800000, 0x0000000705800000, 0x0000000705a00000|  0%| F|  |TAMS 0x0000000705800000| PB 0x0000000705800000| Untracked |  0
|  39|0x0000000705a00000, 0x0000000705a00000, 0x0000000705c00000|  0%| F|  |TAMS 0x0000000705a00000| PB 0x0000000705a00000| Untracked |  0
|  40|0x0000000705c00000, 0x0000000705c00000, 0x0000000705e00000|  0%| F|  |TAMS 0x0000000705c00000| PB 0x0000000705c00000| Untracked |  0
|  41|0x0000000705e00000, 0x0000000705e00000, 0x0000000706000000|  0%| F|  |TAMS 0x0000000705e00000| PB 0x0000000705e00000| Untracked |  0
|  42|0x0000000706000000, 0x0000000706000000, 0x0000000706200000|  0%| F|  |TAMS 0x0000000706000000| PB 0x0000000706000000| Untracked |  0
|  43|0x0000000706200000, 0x0000000706200000, 0x0000000706400000|  0%| F|  |TAMS 0x0000000706200000| PB 0x0000000706200000| Untracked |  0
|  44|0x0000000706400000, 0x0000000706400000, 0x0000000706600000|  0%| F|  |TAMS 0x0000000706400000| PB 0x0000000706400000| Untracked |  0
|  45|0x0000000706600000, 0x0000000706600000, 0x0000000706800000|  0%| F|  |TAMS 0x0000000706600000| PB 0x0000000706600000| Untracked |  0
|  46|0x0000000706800000, 0x0000000706800000, 0x0000000706a00000|  0%| F|  |TAMS 0x0000000706800000| PB 0x0000000706800000| Untracked |  0
|  47|0x0000000706a00000, 0x0000000706a00000, 0x0000000706c00000|  0%| F|  |TAMS 0x0000000706a00000| PB 0x0000000706a00000| Untracked |  0
|  48|0x0000000706c00000, 0x0000000706c00000, 0x0000000706e00000|  0%| F|  |TAMS 0x0000000706c00000| PB 0x0000000706c00000| Untracked |  0
|  49|0x0000000706e00000, 0x0000000706e00000, 0x0000000707000000|  0%| F|  |TAMS 0x0000000706e00000| PB 0x0000000706e00000| Untracked |  0
|  50|0x0000000707000000, 0x0000000707000000, 0x0000000707200000|  0%| F|  |TAMS 0x0000000707000000| PB 0x0000000707000000| Untracked |  0
|  51|0x0000000707200000, 0x0000000707200000, 0x0000000707400000|  0%| F|  |TAMS 0x0000000707200000| PB 0x0000000707200000| Untracked |  0
|  52|0x0000000707400000, 0x0000000707400000, 0x0000000707600000|  0%| F|  |TAMS 0x0000000707400000| PB 0x0000000707400000| Untracked |  0
|  53|0x0000000707600000, 0x0000000707600000, 0x0000000707800000|  0%| F|  |TAMS 0x0000000707600000| PB 0x0000000707600000| Untracked |  0
|  54|0x0000000707800000, 0x0000000707800000, 0x0000000707a00000|  0%| F|  |TAMS 0x0000000707800000| PB 0x0000000707800000| Untracked |  0
|  55|0x0000000707a00000, 0x0000000707a00000, 0x0000000707c00000|  0%| F|  |TAMS 0x0000000707a00000| PB 0x0000000707a00000| Untracked |  0
|  56|0x0000000707c00000, 0x0000000707c00000, 0x0000000707e00000|  0%| F|  |TAMS 0x0000000707c00000| PB 0x0000000707c00000| Untracked |  0
|  57|0x0000000707e00000, 0x0000000707e00000, 0x0000000708000000|  0%| F|  |TAMS 0x0000000707e00000| PB 0x0000000707e00000| Untracked |  0
|  58|0x0000000708000000, 0x0000000708000000, 0x0000000708200000|  0%| F|  |TAMS 0x0000000708000000| PB 0x0000000708000000| Untracked |  0
|  59|0x0000000708200000, 0x0000000708200000, 0x0000000708400000|  0%| F|  |TAMS 0x0000000708200000| PB 0x0000000708200000| Untracked |  0
|  60|0x0000000708400000, 0x0000000708400000, 0x0000000708600000|  0%| F|  |TAMS 0x0000000708400000| PB 0x0000000708400000| Untracked |  0
|  61|0x0000000708600000, 0x0000000708600000, 0x0000000708800000|  0%| F|  |TAMS 0x0000000708600000| PB 0x0000000708600000| Untracked |  0
|  62|0x0000000708800000, 0x0000000708800000, 0x0000000708a00000|  0%| F|  |TAMS 0x0000000708800000| PB 0x0000000708800000| Untracked |  0
|  63|0x0000000708a00000, 0x0000000708a00000, 0x0000000708c00000|  0%| F|  |TAMS 0x0000000708a00000| PB 0x0000000708a00000| Untracked |  0
|  64|0x0000000708c00000, 0x0000000708c00000, 0x0000000708e00000|  0%| F|  |TAMS 0x0000000708c00000| PB 0x0000000708c00000| Untracked |  0
|  65|0x0000000708e00000, 0x0000000708e00000, 0x0000000709000000|  0%| F|  |TAMS 0x0000000708e00000| PB 0x0000000708e00000| Untracked |  0
|  66|0x0000000709000000, 0x0000000709000000, 0x0000000709200000|  0%| F|  |TAMS 0x0000000709000000| PB 0x0000000709000000| Untracked |  0
|  67|0x0000000709200000, 0x0000000709200000, 0x0000000709400000|  0%| F|  |TAMS 0x0000000709200000| PB 0x0000000709200000| Untracked |  0
|  68|0x0000000709400000, 0x0000000709400000, 0x0000000709600000|  0%| F|  |TAMS 0x0000000709400000| PB 0x0000000709400000| Untracked |  0
|  69|0x0000000709600000, 0x0000000709600000, 0x0000000709800000|  0%| F|  |TAMS 0x0000000709600000| PB 0x0000000709600000| Untracked |  0
|  70|0x0000000709800000, 0x0000000709800000, 0x0000000709a00000|  0%| F|  |TAMS 0x0000000709800000| PB 0x0000000709800000| Untracked |  0
|  71|0x0000000709a00000, 0x0000000709a00000, 0x0000000709c00000|  0%| F|  |TAMS 0x0000000709a00000| PB 0x0000000709a00000| Untracked |  0
|  72|0x0000000709c00000, 0x0000000709c00000, 0x0000000709e00000|  0%| F|  |TAMS 0x0000000709c00000| PB 0x0000000709c00000| Untracked |  0
|  73|0x0000000709e00000, 0x0000000709e00000, 0x000000070a000000|  0%| F|  |TAMS 0x0000000709e00000| PB 0x0000000709e00000| Untracked |  0
|  74|0x000000070a000000, 0x000000070a000000, 0x000000070a200000|  0%| F|  |TAMS 0x000000070a000000| PB 0x000000070a000000| Untracked |  0
|  75|0x000000070a200000, 0x000000070a200000, 0x000000070a400000|  0%| F|  |TAMS 0x000000070a200000| PB 0x000000070a200000| Untracked |  0
|  76|0x000000070a400000, 0x000000070a400000, 0x000000070a600000|  0%| F|  |TAMS 0x000000070a400000| PB 0x000000070a400000| Untracked |  0
|  77|0x000000070a600000, 0x000000070a600000, 0x000000070a800000|  0%| F|  |TAMS 0x000000070a600000| PB 0x000000070a600000| Untracked |  0
|  78|0x000000070a800000, 0x000000070a800000, 0x000000070aa00000|  0%| F|  |TAMS 0x000000070a800000| PB 0x000000070a800000| Untracked |  0
|  79|0x000000070aa00000, 0x000000070aa00000, 0x000000070ac00000|  0%| F|  |TAMS 0x000000070aa00000| PB 0x000000070aa00000| Untracked |  0
|  80|0x000000070ac00000, 0x000000070ac00000, 0x000000070ae00000|  0%| F|  |TAMS 0x000000070ac00000| PB 0x000000070ac00000| Untracked |  0
|  81|0x000000070ae00000, 0x000000070ae00000, 0x000000070b000000|  0%| F|  |TAMS 0x000000070ae00000| PB 0x000000070ae00000| Untracked |  0
|  82|0x000000070b000000, 0x000000070b000000, 0x000000070b200000|  0%| F|  |TAMS 0x000000070b000000| PB 0x000000070b000000| Untracked |  0
|  83|0x000000070b200000, 0x000000070b200000, 0x000000070b400000|  0%| F|  |TAMS 0x000000070b200000| PB 0x000000070b200000| Untracked |  0
|  84|0x000000070b400000, 0x000000070b400000, 0x000000070b600000|  0%| F|  |TAMS 0x000000070b400000| PB 0x000000070b400000| Untracked |  0
|  85|0x000000070b600000, 0x000000070b600000, 0x000000070b800000|  0%| F|  |TAMS 0x000000070b600000| PB 0x000000070b600000| Untracked |  0
|  86|0x000000070b800000, 0x000000070b800000, 0x000000070ba00000|  0%| F|  |TAMS 0x000000070b800000| PB 0x000000070b800000| Untracked |  0
|  87|0x000000070ba00000, 0x000000070ba00000, 0x000000070bc00000|  0%| F|  |TAMS 0x000000070ba00000| PB 0x000000070ba00000| Untracked |  0
|  88|0x000000070bc00000, 0x000000070bc00000, 0x000000070be00000|  0%| F|  |TAMS 0x000000070bc00000| PB 0x000000070bc00000| Untracked |  0
|  89|0x000000070be00000, 0x000000070be00000, 0x000000070c000000|  0%| F|  |TAMS 0x000000070be00000| PB 0x000000070be00000| Untracked |  0
|  90|0x000000070c000000, 0x000000070c000000, 0x000000070c200000|  0%| F|  |TAMS 0x000000070c000000| PB 0x000000070c000000| Untracked |  0
|  91|0x000000070c200000, 0x000000070c200000, 0x000000070c400000|  0%| F|  |TAMS 0x000000070c200000| PB 0x000000070c200000| Untracked |  0
|  92|0x000000070c400000, 0x000000070c400000, 0x000000070c600000|  0%| F|  |TAMS 0x000000070c400000| PB 0x000000070c400000| Untracked |  0
|  93|0x000000070c600000, 0x000000070c600000, 0x000000070c800000|  0%| F|  |TAMS 0x000000070c600000| PB 0x000000070c600000| Untracked |  0
|  94|0x000000070c800000, 0x000000070c800000, 0x000000070ca00000|  0%| F|  |TAMS 0x000000070c800000| PB 0x000000070c800000| Untracked |  0
|  95|0x000000070ca00000, 0x000000070ca00000, 0x000000070cc00000|  0%| F|  |TAMS 0x000000070ca00000| PB 0x000000070ca00000| Untracked |  0
|  96|0x000000070cc00000, 0x000000070cc00000, 0x000000070ce00000|  0%| F|  |TAMS 0x000000070cc00000| PB 0x000000070cc00000| Untracked |  0
|  97|0x000000070ce00000, 0x000000070ce00000, 0x000000070d000000|  0%| F|  |TAMS 0x000000070ce00000| PB 0x000000070ce00000| Untracked |  0
|  98|0x000000070d000000, 0x000000070d000000, 0x000000070d200000|  0%| F|  |TAMS 0x000000070d000000| PB 0x000000070d000000| Untracked |  0
|  99|0x000000070d200000, 0x000000070d200000, 0x000000070d400000|  0%| F|  |TAMS 0x000000070d200000| PB 0x000000070d200000| Untracked |  0
| 100|0x000000070d400000, 0x000000070d400000, 0x000000070d600000|  0%| F|  |TAMS 0x000000070d400000| PB 0x000000070d400000| Untracked |  0
| 101|0x000000070d600000, 0x000000070d600000, 0x000000070d800000|  0%| F|  |TAMS 0x000000070d600000| PB 0x000000070d600000| Untracked |  0
| 102|0x000000070d800000, 0x000000070d800000, 0x000000070da00000|  0%| F|  |TAMS 0x000000070d800000| PB 0x000000070d800000| Untracked |  0
| 103|0x000000070da00000, 0x000000070da00000, 0x000000070dc00000|  0%| F|  |TAMS 0x000000070da00000| PB 0x000000070da00000| Untracked |  0
| 104|0x000000070dc00000, 0x000000070dc00000, 0x000000070de00000|  0%| F|  |TAMS 0x000000070dc00000| PB 0x000000070dc00000| Untracked |  0
| 105|0x000000070de00000, 0x000000070de00000, 0x000000070e000000|  0%| F|  |TAMS 0x000000070de00000| PB 0x000000070de00000| Untracked |  0
| 106|0x000000070e000000, 0x000000070e000000, 0x000000070e200000|  0%| F|  |TAMS 0x000000070e000000| PB 0x000000070e000000| Untracked |  0
| 107|0x000000070e200000, 0x000000070e200000, 0x000000070e400000|  0%| F|  |TAMS 0x000000070e200000| PB 0x000000070e200000| Untracked |  0
| 108|0x000000070e400000, 0x000000070e400000, 0x000000070e600000|  0%| F|  |TAMS 0x000000070e400000| PB 0x000000070e400000| Untracked |  0
| 109|0x000000070e600000, 0x000000070e600000, 0x000000070e800000|  0%| F|  |TAMS 0x000000070e600000| PB 0x000000070e600000| Untracked |  0
| 110|0x000000070e800000, 0x000000070e800000, 0x000000070ea00000|  0%| F|  |TAMS 0x000000070e800000| PB 0x000000070e800000| Untracked |  0
| 111|0x000000070ea00000, 0x000000070ea00000, 0x000000070ec00000|  0%| F|  |TAMS 0x000000070ea00000| PB 0x000000070ea00000| Untracked |  0
| 112|0x000000070ec00000, 0x000000070ec00000, 0x000000070ee00000|  0%| F|  |TAMS 0x000000070ec00000| PB 0x000000070ec00000| Untracked |  0
| 113|0x000000070ee00000, 0x000000070ee00000, 0x000000070f000000|  0%| F|  |TAMS 0x000000070ee00000| PB 0x000000070ee00000| Untracked |  0
| 114|0x000000070f000000, 0x000000070f000000, 0x000000070f200000|  0%| F|  |TAMS 0x000000070f000000| PB 0x000000070f000000| Untracked |  0
| 115|0x000000070f200000, 0x000000070f200000, 0x000000070f400000|  0%| F|  |TAMS 0x000000070f200000| PB 0x000000070f200000| Untracked |  0
| 116|0x000000070f400000, 0x000000070f400000, 0x000000070f600000|  0%| F|  |TAMS 0x000000070f400000| PB 0x000000070f400000| Untracked |  0
| 117|0x000000070f600000, 0x000000070f600000, 0x000000070f800000|  0%| F|  |TAMS 0x000000070f600000| PB 0x000000070f600000| Untracked |  0
| 118|0x000000070f800000, 0x000000070f800000, 0x000000070fa00000|  0%| F|  |TAMS 0x000000070f800000| PB 0x000000070f800000| Untracked |  0
| 119|0x000000070fa00000, 0x000000070fa00000, 0x000000070fc00000|  0%| F|  |TAMS 0x000000070fa00000| PB 0x000000070fa00000| Untracked |  0
| 120|0x000000070fc00000, 0x000000070fc00000, 0x000000070fe00000|  0%| F|  |TAMS 0x000000070fc00000| PB 0x000000070fc00000| Untracked |  0
| 121|0x000000070fe00000, 0x000000070fe00000, 0x0000000710000000|  0%| F|  |TAMS 0x000000070fe00000| PB 0x000000070fe00000| Untracked |  0
| 122|0x0000000710000000, 0x0000000710000000, 0x0000000710200000|  0%| F|  |TAMS 0x0000000710000000| PB 0x0000000710000000| Untracked |  0
| 123|0x0000000710200000, 0x0000000710200000, 0x0000000710400000|  0%| F|  |TAMS 0x0000000710200000| PB 0x0000000710200000| Untracked |  0
| 124|0x0000000710400000, 0x0000000710600000, 0x0000000710600000|100%| E|  |TAMS 0x0000000710400000| PB 0x0000000710400000| Complete |  0
| 125|0x0000000710600000, 0x0000000710800000, 0x0000000710800000|100%| E|CS|TAMS 0x0000000710600000| PB 0x0000000710600000| Complete |  0
| 126|0x0000000710800000, 0x0000000710a00000, 0x0000000710a00000|100%| E|CS|TAMS 0x0000000710800000| PB 0x0000000710800000| Complete |  0
| 127|0x0000000710a00000, 0x0000000710c00000, 0x0000000710c00000|100%| E|CS|TAMS 0x0000000710a00000| PB 0x0000000710a00000| Complete |  0

Card table byte_map: [0x00000160f2320000,0x00000160f2b20000] _byte_map_base: 0x00000160eeb1a000

Marking Bits: (CMBitMap*) 0x00000160d9df02c0
 Bits: [0x00000160f2b20000, 0x00000160f6af0000)

Polling page: 0x00000160d9550000

Metaspace:

Usage:
  Non-class:      3.10 MB used.
      Class:    248.33 KB used.
       Both:      3.34 MB used.

Virtual space:
  Non-class space:       64.00 MB reserved,       3.19 MB (  5%) committed,  1 nodes.
      Class space:        1.00 GB reserved,     320.00 KB ( <1%) committed,  1 nodes.
             Both:        1.06 GB reserved,       3.50 MB ( <1%) committed. 

Chunk freelists:
   Non-Class:  10.64 MB
       Class:  15.64 MB
        Both:  26.28 MB

MaxMetaspaceSize: unlimited
CompressedClassSpaceSize: 1.00 GB
Initial GC threshold: 21.00 MB
Current GC threshold: 21.00 MB
CDS: on
 - commit_granule_bytes: 65536.
 - commit_granule_words: 8192.
 - virtual_space_node_default_size: 8388608.
 - enlarge_chunks_in_place: 1.
 - use_allocation_guard: 0.


Internal statistics:

num_allocs_failed_limit: 0.
num_arena_births: 74.
num_arena_deaths: 0.
num_vsnodes_births: 2.
num_vsnodes_deaths: 0.
num_space_committed: 56.
num_space_uncommitted: 0.
num_chunks_returned_to_freelist: 0.
num_chunks_taken_from_freelist: 151.
num_chunk_merges: 0.
num_chunk_splits: 99.
num_chunks_enlarged: 64.
num_inconsistent_stats: 0.

CodeHeap 'non-profiled nmethods': size=120064Kb used=202Kb max_used=202Kb free=119861Kb
 bounds [0x00000160e9f80000, 0x00000160ea1f0000, 0x00000160f14c0000]
CodeHeap 'profiled nmethods': size=120000Kb used=725Kb max_used=725Kb free=119274Kb
 bounds [0x00000160e24c0000, 0x00000160e2730000, 0x00000160e99f0000]
CodeHeap 'non-nmethods': size=5696Kb used=2038Kb max_used=2051Kb free=3658Kb
 bounds [0x00000160e99f0000, 0x00000160e9c60000, 0x00000160e9f80000]
CodeCache: size=245760Kb, used=2965Kb, max_used=2978Kb, free=242793Kb
 total_blobs=1711, nmethods=659, adapters=958, full_count=0
Compilation: enabled, stopped_count=0, restarted_count=0

Compilation events (20 events):
Event: 0.636 Thread 0x00000160c5034610 nmethod 649 0x00000160e2571d08 code [0x00000160e2571e40, 0x00000160e25720a8]
Event: 0.636 Thread 0x00000160c5034610  650       3       jdk.internal.misc.Unsafe::copyMemory (33 bytes)
Event: 0.636 Thread 0x00000160c5031b50 nmethod 652 0x00000160e9fb1988 code [0x00000160e9fb1a80, 0x00000160e9fb1b60]
Event: 0.636 Thread 0x00000160c5031b50  654       4       jdk.internal.jimage.ImageStringsReader::unmaskedHashCode (166 bytes)
Event: 0.637 Thread 0x00000160c5034610 nmethod 650 0x00000160e2572108 code [0x00000160e2572340, 0x00000160e2572fd8]
Event: 0.637 Thread 0x00000160c5034610  653       3       jdk.internal.module.SystemModuleFinders$SystemModuleReader::find (59 bytes)
Event: 0.637 Thread 0x00000160c5034610 nmethod 653 0x00000160e2573088 code [0x00000160e25732c0, 0x00000160e2573ee0]
Event: 0.637 Thread 0x00000160c5034610  651       3       jdk.internal.misc.Unsafe::copyMemoryChecks (21 bytes)
Event: 0.638 Thread 0x00000160c5034610 nmethod 651 0x00000160e2573f88 code [0x00000160e25741c0, 0x00000160e2574e50]
Event: 0.638 Thread 0x00000160c5034610  657       3       sun.misc.Unsafe::putLong (14 bytes)
Event: 0.638 Thread 0x00000160c5031b50 nmethod 654 0x00000160e9fb1c88 code [0x00000160e9fb1da0, 0x00000160e9fb1f98]
Event: 0.638 Thread 0x00000160c5034610 nmethod 657 0x00000160e2574f08 code [0x00000160e2575020, 0x00000160e2575198]
Event: 0.638 Thread 0x00000160c5031b50  659       4       java.lang.Integer::toUnsignedLong (7 bytes)
Event: 0.638 Thread 0x00000160c5034610  658       3       org.lwjgl.system.MemoryUtil::memPutAddress (29 bytes)
Event: 0.638 Thread 0x00000160c5031b50 nmethod 659 0x00000160e9fb2008 code [0x00000160e9fb2100, 0x00000160e9fb2168]
Event: 0.638 Thread 0x00000160c5034610 nmethod 658 0x00000160e2575208 code [0x00000160e2575340, 0x00000160e25755a0]
Event: 0.639 Thread 0x00000160c5034610  655       1       java.lang.NamedPackage::module (5 bytes)
Event: 0.639 Thread 0x00000160c5034610 nmethod 655 0x00000160e9fb2308 code [0x00000160e9fb2420, 0x00000160e9fb24f0]
Event: 0.639 Thread 0x00000160c5034610  656       1       org.lwjgl.system.Pointer$Default::address (5 bytes)
Event: 0.639 Thread 0x00000160c5034610 nmethod 656 0x00000160e9fb2608 code [0x00000160e9fb2720, 0x00000160e9fb27e8]

GC Heap History (0 events):
No events

Dll operation events (12 events):
Event: 0.010 Loaded shared library C:\Users\user\.jdks\openjdk-23.0.2\bin\java.dll
Event: 0.046 Loaded shared library C:\Users\user\.jdks\openjdk-23.0.2\bin\jsvml.dll
Event: 0.118 Loaded shared library C:\Users\user\.jdks\openjdk-23.0.2\bin\zip.dll
Event: 0.123 Loaded shared library C:\Users\user\.jdks\openjdk-23.0.2\bin\instrument.dll
Event: 0.128 Loaded shared library C:\Users\user\.jdks\openjdk-23.0.2\bin\net.dll
Event: 0.130 Loaded shared library C:\Users\user\.jdks\openjdk-23.0.2\bin\nio.dll
Event: 0.133 Loaded shared library C:\Users\user\.jdks\openjdk-23.0.2\bin\zip.dll
Event: 0.166 Loaded shared library D:\JetBrains\IntelliJ IDEA Community Edition 2024.3.2.2\bin\breakgen64.dll
Event: 0.177 Loaded shared library C:\Users\user\.jdks\openjdk-23.0.2\bin\extnet.dll
Event: 0.202 Loaded shared library C:\Users\user\.jdks\openjdk-23.0.2\bin\jimage.dll
Event: 0.223 Loaded shared library C:\Users\user\AppData\Local\Temp\lwjgl_user\3.3.3+5\x64\lwjgl.dll
Event: 0.633 Loaded shared library C:\Users\user\AppData\Local\Temp\lwjgl_user\3.3.3+5\x64\lwjgl_opengl.dll

Deoptimization events (20 events):
Event: 0.120 Thread 0x00000160d7a18570 Uncommon trap: trap_request=0xffffff45 fr.pc=0x00000160e9f8165c relative=0x000000000000005c
Event: 0.120 Thread 0x00000160d7a18570 Uncommon trap: reason=unstable_if action=reinterpret pc=0x00000160e9f8165c method=java.lang.String.isLatin1()Z @ 10 c2
Event: 0.120 Thread 0x00000160d7a18570 DEOPT PACKING pc=0x00000160e9f8165c sp=0x00000038090fda40
Event: 0.120 Thread 0x00000160d7a18570 DEOPT UNPACKING pc=0x00000160e9a44402 sp=0x00000038090fd9d0 mode 2
Event: 0.121 Thread 0x00000160d7a18570 Uncommon trap: trap_request=0xffffff45 fr.pc=0x00000160e9f827d4 relative=0x00000000000000b4
Event: 0.121 Thread 0x00000160d7a18570 Uncommon trap: reason=unstable_if action=reinterpret pc=0x00000160e9f827d4 method=java.lang.String.isLatin1()Z @ 10 c2
Event: 0.121 Thread 0x00000160d7a18570 DEOPT PACKING pc=0x00000160e9f827d4 sp=0x00000038090fda80
Event: 0.121 Thread 0x00000160d7a18570 DEOPT UNPACKING pc=0x00000160e9a44402 sp=0x00000038090fd9c0 mode 2
Event: 0.215 Thread 0x00000160d7a18570 Uncommon trap: trap_request=0xffffff45 fr.pc=0x00000160e9f947e0 relative=0x0000000000000060
Event: 0.215 Thread 0x00000160d7a18570 Uncommon trap: reason=unstable_if action=reinterpret pc=0x00000160e9f947e0 method=java.io.WinNTFileSystem.isSlash(C)Z @ 9 c2
Event: 0.215 Thread 0x00000160d7a18570 DEOPT PACKING pc=0x00000160e9f947e0 sp=0x00000038090fb8b0
Event: 0.215 Thread 0x00000160d7a18570 DEOPT UNPACKING pc=0x00000160e9a44402 sp=0x00000038090fb838 mode 2
Event: 0.221 Thread 0x00000160d7a18570 Uncommon trap: trap_request=0xffffff45 fr.pc=0x00000160e9fa3dcc relative=0x000000000000004c
Event: 0.221 Thread 0x00000160d7a18570 Uncommon trap: reason=unstable_if action=reinterpret pc=0x00000160e9fa3dcc method=sun.nio.fs.WindowsPathParser.isSlash(C)Z @ 9 c2
Event: 0.221 Thread 0x00000160d7a18570 DEOPT PACKING pc=0x00000160e9fa3dcc sp=0x00000038090fb990
Event: 0.221 Thread 0x00000160d7a18570 DEOPT UNPACKING pc=0x00000160e9a44402 sp=0x00000038090fb918 mode 2
Event: 0.256 Thread 0x00000160d7a18570 Uncommon trap: trap_request=0xffffff45 fr.pc=0x00000160e9f9173c relative=0x0000000000000a7c
Event: 0.256 Thread 0x00000160d7a18570 Uncommon trap: reason=unstable_if action=reinterpret pc=0x00000160e9f9173c method=java.util.HashMap.putVal(ILjava/lang/Object;Ljava/lang/Object;ZZ)Ljava/lang/Object; @ 181 c2
Event: 0.256 Thread 0x00000160d7a18570 DEOPT PACKING pc=0x00000160e9f9173c sp=0x00000038090fb810
Event: 0.256 Thread 0x00000160d7a18570 DEOPT UNPACKING pc=0x00000160e9a44402 sp=0x00000038090fb7d0 mode 2

Classes loaded (20 events):
Event: 0.277 Loading class java/nio/DirectDoubleBufferU
Event: 0.277 Loading class java/nio/DirectDoubleBufferU done
Event: 0.277 Loading class sun/misc/Unsafe
Event: 0.277 Loading class sun/misc/Unsafe done
Event: 0.277 Loading class sun/misc/Unsafe$MemoryAccessOption
Event: 0.278 Loading class sun/misc/Unsafe$MemoryAccessOption done
Event: 0.278 Loading class java/lang/invoke/DirectMethodHandle$StaticAccessor
Event: 0.278 Loading class java/lang/invoke/DirectMethodHandle$StaticAccessor done
Event: 0.281 Loading class java/util/function/LongPredicate
Event: 0.281 Loading class java/util/function/LongPredicate done
Event: 0.282 Loading class java/lang/foreign/MemorySegment
Event: 0.282 Loading class java/lang/foreign/MemorySegment done
Event: 0.286 Loading class java/nio/InvalidMarkException
Event: 0.286 Loading class java/nio/InvalidMarkException done
Event: 0.286 Loading class java/nio/BufferUnderflowException
Event: 0.286 Loading class java/nio/BufferUnderflowException done
Event: 0.294 Loading class java/util/Formatter$FixedString
Event: 0.294 Loading class java/util/Formatter$FixedString done
Event: 0.305 Loading class java/lang/NoSuchFieldError
Event: 0.305 Loading class java/lang/NoSuchFieldError done

Classes unloaded (0 events):
No events

Classes redefined (0 events):
No events

Internal exceptions (20 events):
Event: 0.195 Thread 0x00000160d7a18570 Exception <a 'java/lang/NoSuchMethodError'{0x00000007106eed78}: 'java.lang.Object java.lang.invoke.DirectMethodHandle$Holder.invokeStatic(java.lang.Object, java.lang.Object, int)'> (0x00000007106eed78) 
thrown [s\open\src\hotspot\share\interpreter\linkResolver.cpp, line 796]
Event: 0.196 Thread 0x00000160d7a18570 Exception <a 'java/lang/NoSuchMethodError'{0x00000007106fa620}: 'void java.lang.invoke.DelegatingMethodHandle$Holder.delegate(java.lang.Object, java.lang.Object, int, java.lang.Object)'> (0x00000007106fa620) 
thrown [s\open\src\hotspot\share\interpreter\linkResolver.cpp, line 796]
Event: 0.196 Thread 0x00000160d7a18570 Exception <a 'java/lang/NoSuchMethodError'{0x00000007106fe3c8}: 'int java.lang.invoke.DirectMethodHandle$Holder.invokeSpecial(java.lang.Object, java.lang.Object, java.lang.Object)'> (0x00000007106fe3c8) 
thrown [s\open\src\hotspot\share\interpreter\linkResolver.cpp, line 796]
Event: 0.200 Thread 0x00000160d7a18570 Exception <a 'java/lang/NoSuchMethodError'{0x0000000710718110}: 'void java.lang.System.loadLibrary(java.lang.String, java.lang.Class)'> (0x0000000710718110) 
thrown [s\open\src\hotspot\share\interpreter\linkResolver.cpp, line 796]
Event: 0.221 Thread 0x00000160d7a18570 Exception <a 'sun/nio/fs/WindowsException'{0x000000071074e110}> (0x000000071074e110) 
thrown [s\open\src\hotspot\share\prims\jni.cpp, line 520]
Event: 0.222 Thread 0x00000160d7a18570 Exception <a 'sun/nio/fs/WindowsException'{0x000000071074e650}> (0x000000071074e650) 
thrown [s\open\src\hotspot\share\prims\jni.cpp, line 520]
Event: 0.281 Thread 0x00000160d7a18570 Exception <a 'java/lang/NoSuchMethodError'{0x00000007107e89b8}: 'int java.lang.invoke.DirectMethodHandle$Holder.invokeStaticInit(java.lang.Object, java.lang.Object, int, long)'> (0x00000007107e89b8) 
thrown [s\open\src\hotspot\share\interpreter\linkResolver.cpp, line 796]
Event: 0.282 Thread 0x00000160d7a18570 Exception <a 'java/lang/NoSuchMethodError'{0x00000007107edaf0}: 'java.lang.Object java.lang.invoke.DirectMethodHandle$Holder.newInvokeSpecial(java.lang.Object, java.lang.Object, int)'> (0x00000007107edaf0) 
thrown [s\open\src\hotspot\share\interpreter\linkResolver.cpp, line 796]
Event: 0.284 Thread 0x00000160d7a18570 Exception <a 'java/lang/NoSuchMethodError'{0x00000007107fd4d0}: 'int java.lang.invoke.DirectMethodHandle$Holder.invokeStaticInit(java.lang.Object, java.lang.Object, long, long)'> (0x00000007107fd4d0) 
thrown [s\open\src\hotspot\share\interpreter\linkResolver.cpp, line 796]
Event: 0.284 Thread 0x00000160d7a18570 Exception <a 'java/lang/NoSuchMethodError'{0x0000000710403208}: 'java.lang.Object java.lang.invoke.DirectMethodHandle$Holder.newInvokeSpecial(java.lang.Object, java.lang.Object, long)'> (0x0000000710403208) 
thrown [s\open\src\hotspot\share\interpreter\linkResolver.cpp, line 796]
Event: 0.284 Thread 0x00000160d7a18570 Exception <a 'java/lang/NoSuchMethodError'{0x00000007104070c8}: 'java.lang.Object java.lang.invoke.Invokers$Holder.linkToTargetMethod(java.lang.Object, long, java.lang.Object)'> (0x00000007104070c8) 
thrown [s\open\src\hotspot\share\interpreter\linkResolver.cpp, line 796]
Event: 0.285 Thread 0x00000160d7a18570 Exception <a 'java/lang/NoSuchMethodError'{0x000000071040e320}: 'int java.lang.invoke.DirectMethodHandle$Holder.invokeStaticInit(java.lang.Object, java.lang.Object, java.lang.Object, long)'> (0x000000071040e320) 
thrown [s\open\src\hotspot\share\interpreter\linkResolver.cpp, line 796]
Event: 0.304 Thread 0x00000160d7a18570 Exception <a 'sun/nio/fs/WindowsException'{0x00000007104a8610}> (0x00000007104a8610) 
thrown [s\open\src\hotspot\share\prims\jni.cpp, line 520]
Event: 0.304 Thread 0x00000160d7a18570 Exception <a 'sun/nio/fs/WindowsException'{0x00000007104a8968}> (0x00000007104a8968) 
thrown [s\open\src\hotspot\share\prims\jni.cpp, line 520]
Event: 0.625 Thread 0x00000160d7a18570 Exception <a 'java/lang/NoSuchMethodError'{0x0000000710589ff0}: 'void java.lang.System.load(java.lang.String, java.lang.Class)'> (0x0000000710589ff0) 
thrown [s\open\src\hotspot\share\interpreter\linkResolver.cpp, line 796]
Event: 0.626 Thread 0x00000160d7a18570 Exception <a 'java/lang/NoSuchMethodError'{0x000000071058ca80}: 'void java.lang.System.loadLibrary(java.lang.String, java.lang.Class)'> (0x000000071058ca80) 
thrown [s\open\src\hotspot\share\interpreter\linkResolver.cpp, line 796]
Event: 0.631 Thread 0x00000160d7a18570 Exception <a 'sun/nio/fs/WindowsException'{0x000000071059d638}> (0x000000071059d638) 
thrown [s\open\src\hotspot\share\prims\jni.cpp, line 520]
Event: 0.631 Thread 0x00000160d7a18570 Exception <a 'sun/nio/fs/WindowsException'{0x000000071059d9c8}> (0x000000071059d9c8) 
thrown [s\open\src\hotspot\share\prims\jni.cpp, line 520]
Event: 0.636 Thread 0x00000160d7a18570 Exception <a 'sun/nio/fs/WindowsException'{0x00000007105a7f48}> (0x00000007105a7f48) 
thrown [s\open\src\hotspot\share\prims\jni.cpp, line 520]
Event: 0.636 Thread 0x00000160d7a18570 Exception <a 'sun/nio/fs/WindowsException'{0x00000007105a8218}> (0x00000007105a8218) 
thrown [s\open\src\hotspot\share\prims\jni.cpp, line 520]

VM Operations (4 events):
Event: 0.104 Executing VM operation: HandshakeAllThreads (Deoptimize)
Event: 0.104 Executing VM operation: HandshakeAllThreads (Deoptimize) done
Event: 0.215 Executing VM operation: HandshakeAllThreads (Deoptimize)
Event: 0.215 Executing VM operation: HandshakeAllThreads (Deoptimize) done

Memory protections (0 events):
No events

Nmethod flushes (0 events):
No events

Events (14 events):
Event: 0.026 Thread 0x00000160d7a18570 Thread added: 0x00000160d7a18570
Event: 0.044 Thread 0x00000160d7a18570 Thread added: 0x00000160f9808530
Event: 0.044 Thread 0x00000160d7a18570 Thread added: 0x00000160f980b310
Event: 0.044 Thread 0x00000160d7a18570 Thread added: 0x00000160f980c1f0
Event: 0.044 Thread 0x00000160d7a18570 Thread added: 0x00000160f980ec60
Event: 0.044 Thread 0x00000160d7a18570 Thread added: 0x00000160f98196e0
Event: 0.044 Thread 0x00000160d7a18570 Thread added: 0x00000160c5030dc0
Event: 0.044 Thread 0x00000160d7a18570 Thread added: 0x00000160c5031b50
Event: 0.045 Thread 0x00000160d7a18570 Thread added: 0x00000160c5034610
Event: 0.096 Thread 0x00000160d7a18570 Thread added: 0x00000160c5125440
Event: 0.113 Thread 0x00000160c5034610 Thread added: 0x00000160c5165e30
Event: 0.167 Thread 0x00000160d7a18570 Thread added: 0x00000160c545a0f0
Event: 0.167 Thread 0x00000160d7a18570 Thread added: 0x00000160c547af70
Event: 0.612 Thread 0x00000160c5165e30 Thread exited: 0x00000160c5165e30


Dynamic libraries:
0x00007ff7246e0000 - 0x00007ff7246ee000 	C:\Users\user\.jdks\openjdk-23.0.2\bin\java.exe
0x00007ff9010f0000 - 0x00007ff9012e8000 	C:\WINDOWS\SYSTEM32\ntdll.dll
0x00007ff8ff110000 - 0x00007ff8ff1d2000 	C:\WINDOWS\System32\KERNEL32.DLL
0x00007ff8feb80000 - 0x00007ff8fee7f000 	C:\WINDOWS\System32\KERNELBASE.dll
0x00007ff8ff010000 - 0x00007ff8ff110000 	C:\WINDOWS\System32\ucrtbase.dll
0x00007ff8e0480000 - 0x00007ff8e0497000 	C:\Users\user\.jdks\openjdk-23.0.2\bin\jli.dll
0x00007ff8df270000 - 0x00007ff8df28b000 	C:\Users\user\.jdks\openjdk-23.0.2\bin\VCRUNTIME140.dll
0x00007ff900020000 - 0x00007ff9001bd000 	C:\WINDOWS\System32\USER32.dll
0x00007ff8e7000000 - 0x00007ff8e729a000 	C:\WINDOWS\WinSxS\amd64_microsoft.windows.common-controls_6595b64144ccf1df_6.0.19041.4355_none_60b8b9eb71f62e16\COMCTL32.dll
0x00007ff8fefe0000 - 0x00007ff8ff002000 	C:\WINDOWS\System32\win32u.dll
0x00007ff8ff940000 - 0x00007ff8ff9de000 	C:\WINDOWS\System32\msvcrt.dll
0x00007ff900f80000 - 0x00007ff900fab000 	C:\WINDOWS\System32\GDI32.dll
0x00007ff8fe960000 - 0x00007ff8fea7a000 	C:\WINDOWS\System32\gdi32full.dll
0x00007ff8fe790000 - 0x00007ff8fe82d000 	C:\WINDOWS\System32\msvcp_win.dll
0x00007ff900fb0000 - 0x00007ff900fdf000 	C:\WINDOWS\System32\IMM32.DLL
0x00007ff8e5080000 - 0x00007ff8e508c000 	C:\Users\user\.jdks\openjdk-23.0.2\bin\vcruntime140_1.dll
0x00007ff8d7270000 - 0x00007ff8d72fe000 	C:\Users\user\.jdks\openjdk-23.0.2\bin\msvcp140.dll
0x00007ff8ab710000 - 0x00007ff8ac460000 	C:\Users\user\.jdks\openjdk-23.0.2\bin\server\jvm.dll
0x00007ff9006b0000 - 0x00007ff90075f000 	C:\WINDOWS\System32\ADVAPI32.dll
0x00007ff8ff320000 - 0x00007ff8ff3bf000 	C:\WINDOWS\System32\sechost.dll
0x00007ff8ff6d0000 - 0x00007ff8ff7f3000 	C:\WINDOWS\System32\RPCRT4.dll
0x00007ff8fe8e0000 - 0x00007ff8fe907000 	C:\WINDOWS\System32\bcrypt.dll
0x00007ff8ffe10000 - 0x00007ff8ffe7b000 	C:\WINDOWS\System32\WS2_32.dll
0x00007ff8fdd20000 - 0x00007ff8fdd6b000 	C:\WINDOWS\SYSTEM32\POWRPROF.dll
0x00007ff8ee8e0000 - 0x00007ff8ee907000 	C:\WINDOWS\SYSTEM32\WINMM.dll
0x00007ff8fd560000 - 0x00007ff8fd56a000 	C:\WINDOWS\SYSTEM32\VERSION.dll
0x00007ff8fdb90000 - 0x00007ff8fdba2000 	C:\WINDOWS\SYSTEM32\UMPDC.dll
0x00007ff8fd510000 - 0x00007ff8fd522000 	C:\WINDOWS\SYSTEM32\kernel.appcore.dll
0x00007ff8e4de0000 - 0x00007ff8e4dea000 	C:\Users\user\.jdks\openjdk-23.0.2\bin\jimage.dll
0x00007ff8fcbf0000 - 0x00007ff8fcdd4000 	C:\WINDOWS\SYSTEM32\DBGHELP.DLL
0x00007ff8da360000 - 0x00007ff8da394000 	C:\WINDOWS\SYSTEM32\dbgcore.DLL
0x00007ff8feaf0000 - 0x00007ff8feb72000 	C:\WINDOWS\System32\bcryptPrimitives.dll
0x00007ff8e4bd0000 - 0x00007ff8e4bdf000 	C:\Users\user\.jdks\openjdk-23.0.2\bin\instrument.dll
0x00007ff8dd7c0000 - 0x00007ff8dd7de000 	C:\Users\user\.jdks\openjdk-23.0.2\bin\java.dll
0x00007ff8ff800000 - 0x00007ff8ff92b000 	C:\WINDOWS\System32\ole32.dll
0x00007ff8ffa40000 - 0x00007ff8ffd95000 	C:\WINDOWS\System32\combase.dll
0x00007ff900760000 - 0x00007ff900ecd000 	C:\WINDOWS\System32\SHELL32.dll
0x00007ff8fc440000 - 0x00007ff8fcbe4000 	C:\WINDOWS\SYSTEM32\windows.storage.dll
0x00007ff8fe1c0000 - 0x00007ff8fe1eb000 	C:\WINDOWS\SYSTEM32\Wldp.dll
0x00007ff900fe0000 - 0x00007ff9010ad000 	C:\WINDOWS\System32\OLEAUT32.dll
0x00007ff8ffe80000 - 0x00007ff8fff2d000 	C:\WINDOWS\System32\SHCORE.dll
0x00007ff900650000 - 0x00007ff9006a5000 	C:\WINDOWS\System32\shlwapi.dll
0x00007ff8fe6c0000 - 0x00007ff8fe6e5000 	C:\WINDOWS\SYSTEM32\profapi.dll
0x00007ff8d2990000 - 0x00007ff8d2a67000 	C:\Users\user\.jdks\openjdk-23.0.2\bin\jsvml.dll
0x00007ff8db500000 - 0x00007ff8db517000 	C:\Users\user\.jdks\openjdk-23.0.2\bin\zip.dll
0x00007ff8e48d0000 - 0x00007ff8e48e0000 	C:\Users\user\.jdks\openjdk-23.0.2\bin\net.dll
0x00007ff8fdf20000 - 0x00007ff8fdf8c000 	C:\WINDOWS\system32\mswsock.dll
0x00007ff8dabb0000 - 0x00007ff8dabc6000 	C:\Users\user\.jdks\openjdk-23.0.2\bin\nio.dll
0x00007ff8fa0e0000 - 0x00007ff8fa0fa000 	D:\JetBrains\IntelliJ IDEA Community Edition 2024.3.2.2\bin\breakgen64.dll
0x00007ff8e0c70000 - 0x00007ff8e0c79000 	C:\Users\user\.jdks\openjdk-23.0.2\bin\extnet.dll
0x00007ff8dfca0000 - 0x00007ff8dfd1b000 	C:\Users\user\AppData\Local\Temp\lwjgl_user\3.3.3+5\x64\lwjgl.dll
0x00007ff8dfb70000 - 0x00007ff8dfbf2000 	C:\Users\user\AppData\Local\Temp\lwjgl_user\3.3.3+5\x64\glfw.dll
0x00007ff8c9e90000 - 0x00007ff8c9ed5000 	C:\WINDOWS\SYSTEM32\dinput8.dll
0x00007ff8e4c90000 - 0x00007ff8e4ca1000 	C:\WINDOWS\SYSTEM32\xinput1_4.dll
0x00007ff8fe910000 - 0x00007ff8fe95e000 	C:\WINDOWS\System32\cfgmgr32.dll
0x00007ff8fe520000 - 0x00007ff8fe553000 	C:\WINDOWS\SYSTEM32\DEVOBJ.dll
0x00007ff8fbea0000 - 0x00007ff8fbecf000 	C:\WINDOWS\SYSTEM32\dwmapi.dll
0x00007ff8f5530000 - 0x00007ff8f5682000 	C:\WINDOWS\SYSTEM32\inputhost.dll
0x00007ff8fa220000 - 0x00007ff8fa312000 	C:\WINDOWS\SYSTEM32\CoreMessaging.dll
0x00007ff8fadf0000 - 0x00007ff8faf47000 	C:\WINDOWS\SYSTEM32\wintypes.dll
0x00007ff8f9310000 - 0x00007ff8f966b000 	C:\WINDOWS\SYSTEM32\CoreUIComponents.dll
0x00007ff8fb660000 - 0x00007ff8fb756000 	C:\WINDOWS\SYSTEM32\PROPSYS.dll
0x00007ff8fda20000 - 0x00007ff8fda53000 	C:\WINDOWS\SYSTEM32\ntmarta.dll
0x00007ff8fbc10000 - 0x00007ff8fbcae000 	C:\WINDOWS\system32\uxtheme.dll
0x00007ff8ff1e0000 - 0x00007ff8ff2f5000 	C:\WINDOWS\System32\MSCTF.dll
0x00007ff8d2c50000 - 0x00007ff8d2d78000 	C:\WINDOWS\SYSTEM32\opengl32.dll
0x00007ff8e04a0000 - 0x00007ff8e04cc000 	C:\WINDOWS\SYSTEM32\GLU32.dll
0x00007ff900ed0000 - 0x00007ff900f79000 	C:\WINDOWS\System32\clbcatq.dll
0x00007ff89dfc0000 - 0x00007ff8a07ad000 	C:\WINDOWS\System32\DriverStore\FileRepository\nvmdi.inf_amd64_5a20cb50c0e752a4\nvoglv64.dll
0x00007ff9001d0000 - 0x00007ff900641000 	C:\WINDOWS\System32\SETUPAPI.dll
0x00007ff8fd570000 - 0x00007ff8fd584000 	C:\WINDOWS\SYSTEM32\WTSAPI32.dll
0x00007ff8fe350000 - 0x00007ff8fe362000 	C:\WINDOWS\SYSTEM32\msasn1.dll
0x00007ff8f7330000 - 0x00007ff8f7361000 	C:\WINDOWS\SYSTEM32\cryptnet.dll
0x00007ff8fee80000 - 0x00007ff8fefdc000 	C:\WINDOWS\System32\CRYPT32.dll
0x00007ff8fe130000 - 0x00007ff8fe13c000 	C:\WINDOWS\SYSTEM32\cryptbase.dll
0x00007ff8f7160000 - 0x00007ff8f72a7000 	C:\WINDOWS\SYSTEM32\drvstore.dll
0x00007ff8fea80000 - 0x00007ff8feae8000 	C:\WINDOWS\System32\WINTRUST.dll
0x00007ff8ff300000 - 0x00007ff8ff31d000 	C:\WINDOWS\System32\imagehlp.dll
0x00007ff8fe110000 - 0x00007ff8fe128000 	C:\WINDOWS\SYSTEM32\CRYPTSP.dll
0x00007ff8fd7d0000 - 0x00007ff8fd808000 	C:\WINDOWS\system32\rsaenh.dll
0x00007ff8ef5c0000 - 0x00007ff8f2d5a000 	C:\WINDOWS\System32\DriverStore\FileRepository\nvmdi.inf_amd64_5a20cb50c0e752a4\nvgpucomp64.dll
0x00007ff8f4b80000 - 0x00007ff8f4bbb000 	C:\WINDOWS\SYSTEM32\dxcore.dll
0x00007ff8b7090000 - 0x00007ff8b7394000 	C:\WINDOWS\system32\nvspcap64.dll
0x00007ff8fd280000 - 0x00007ff8fd2db000 	C:\WINDOWS\SYSTEM32\WINSTA.dll
0x00007ff8f5690000 - 0x00007ff8f5789000 	C:\WINDOWS\SYSTEM32\textinputframework.dll
0x00007ff8e7790000 - 0x00007ff8e77f6000 	C:\WINDOWS\system32\Oleacc.dll
0x00007ff8dfc40000 - 0x00007ff8dfc9e000 	C:\Users\user\AppData\Local\Temp\lwjgl_user\3.3.3+5\x64\lwjgl_opengl.dll

dbghelp: loaded successfully - version: 4.0.5 - missing functions: none
symbol engine: initialized successfully - sym options: 0x614 - pdb path: .;C:\Users\user\.jdks\openjdk-23.0.2\bin;C:\WINDOWS\SYSTEM32;C:\WINDOWS\WinSxS\amd64_microsoft.windows.common-controls_6595b64144ccf1df_6.0.19041.4355_none_60b8b9eb71f62e16;C:\Users\user\.jdks\openjdk-23.0.2\bin\server;D:\JetBrains\IntelliJ IDEA Community Edition 2024.3.2.2\bin;C:\Users\user\AppData\Local\Temp\lwjgl_user\3.3.3+5\x64;C:\WINDOWS\System32\DriverStore\FileRepository\nvmdi.inf_amd64_5a20cb50c0e752a4

VM Arguments:
jvm_args: -javaagent:D:\JetBrains\IntelliJ IDEA Community Edition 2024.3.2.2\lib\idea_rt.jar=55659:D:\JetBrains\IntelliJ IDEA Community Edition 2024.3.2.2\bin -Dfile.encoding=UTF-8 -Dsun.stdout.encoding=UTF-8 -Dsun.stderr.encoding=UTF-8 
java_command: pkgCWDriver.Driver
java_class_path (initial): D:\HW\CSC 133\CWAssignment-6\out\production\classes;C:\Users\user\.gradle\caches\modules-2\files-2.1\org.lwjgl\lwjgl-assimp\3.3.3\c2c34011cbda30ed8cf98bc5cbf97b49afe5279a\lwjgl-assimp-3.3.3.jar;C:\Users\user\.gradle\caches\modules-2\files-2.1\org.lwjgl\lwjgl-cuda\3.3.3\e2de3beeba3e4c826317e31519a40f0585160acf\lwjgl-cuda-3.3.3.jar;C:\Users\user\.gradle\caches\modules-2\files-2.1\org.lwjgl\lwjgl-freetype\3.3.3\a0db6c84a8becc8ca05f9dbfa985edc348a824c7\lwjgl-freetype-3.3.3.jar;C:\Users\user\.gradle\caches\modules-2\files-2.1\org.lwjgl\lwjgl-glfw\3.3.3\efa1eb78c5ccd840e9f329717109b5e892d72f8e\lwjgl-glfw-3.3.3.jar;C:\Users\user\.gradle\caches\modules-2\files-2.1\org.lwjgl\lwjgl-hwloc\3.3.3\68333a022d5842b7bff95c70e4c3e1b2f126e783\lwjgl-hwloc-3.3.3.jar;C:\Users\user\.gradle\caches\modules-2\files-2.1\org.lwjgl\lwjgl-jawt\3.3.3\15479071013804d88cc810856fcc2548b457376c\lwjgl-jawt-3.3.3.jar;C:\Users\user\.gradle\caches\modules-2\files-2.1\org.lwjgl\lwjgl-nanovg\3.3.3\37f0b9fc142948c3b2c6cd563db7233b14b9640c\lwjgl-nanovg-3.3.3.jar;C:\Users\user\.gradle\caches\modules-2\files-2.1\org.lwjgl\lwjgl-nfd\3.3.3\f1b41d3a0a2f5cd2a55a6a59a618c87d0348681c\lwjgl-nfd-3.3.3.jar;C:\Users\user\.gradle\caches\modules-2\files-2.1\org.lwjgl\lwjgl-nuklear\3.3.3\d120a8ab01987e285f83f43f862bef728011d97d\lwjgl-nuklear-3.3.3.jar;C:\Users\user\.gradle\caches\modules-2\files-2.1\org.lwjgl\lwjgl-odbc\3.3.3\1719d4813fba2b4272afddcf30db98ec32e8bd37\lwjgl-odbc-3.3.3.jar;C:\Users\user\.gradle\caches\modules-2\files-2.1\org.lwjgl\lwjgl-openal\3.3.3\daada81ceb5fc0c291fbfdd4433cb8d9423577f2\lwjgl-openal-3.3.3.jar;C:\Users\user\.gradle\caches\modules-2\files-2.1\org.lwjgl\lwjgl-opencl\3.3.3\fdf4a5cce0b7499914ac96a87d75fa895a4e0699\lwjgl-opencl-3.3.3.jar;C:\Users\user\.gradle\caches\modules-2\files-2.1\org.lwjgl\lwjgl-opengl\3.3.3\2f6b0147078396a58979125a4c947664e98293a\lwjgl-opengl-3.3.3.jar;C:\Users\user\.gradle\caches\modules-2\files-2.1\org.lwjgl\lwjgl-shaderc\3.3.3\ae740d58fdc809c4350358a872b076bacbec27c1\lwjgl-shaderc-3.3.3.jar;C:\Users\user\.gradle\caches\modules-2\files-2.1\org.lwjgl\lwjgl-stb\3.3.3\25dd6161988d7e65f71d5065c99902402ee32746\lwjgl-stb-3.3.3.jar;C:\Users\user\.gradle\caches\modules-2\files-2.1\org.lwjgl\lwjgl-tootle\3.3.3\c6989921add57a1f59936bc4544431df4b837c8b\lwjgl-tootle-3.3.3.jar;C:\Users\user\.gradle\caches\modules-2\files-2.1\org.lwjgl\lwjgl\3.3.3\29589b5f87ed335a6c7e7ee6a5775f81f97ecb84\lwjgl-3.3.3.jar;C:\Users\user\.gradle\caches\modules-2\files-2.1\org.joml\joml\1.10.5\22566d58af70ad3d72308bab63b8339906deb649\joml-1.10.5.jar;C:\Users\user\.gradle\caches\modules-2\files-2.1\org.lwjgl\lwjgl-assimp\3.3.3\d90ccdade594716062975cffd1431d387f770ac4\lwjgl-assimp-3.3.3-natives-windows.jar;C:\Users\user\.gradle\caches\modules-2\files-2.1\org.lwjgl\lwjgl-freetype\3.3.3\81091b006dbb43fab04c8c638e9ac87c51b4096d\lwjgl-freetype-3.3.3-natives-windows.jar;C:\Users\user\.gradle\caches\modules-2\files-2.1\org.lwjgl\lwjgl-glfw\3.3.3\e449e28b4891fc423c54c85fbc5bb0b9efece67a\lwjgl-glfw-3.3.3-natives-windows.jar;C:\Users\user\.gradle\caches\modules-2\files-2.1\org.lwjgl\lwjgl-hwloc\3.3.3\ea032ea737568d700f43cc9f052d51384ce20ebe\lwjgl-hwloc-3.3.3-natives-windows.jar;C:\Users\user\.gradle\caches\modules-2\files-2.1\org.lwjgl\lwjgl-nanovg\3.3.3\ccfbc346c4ce0737b7fe758d6337a3741af2f256\lwjgl-nanovg-3.3.3-natives-windows.jar;C:\Users\user\.gradle\caches\modules-2\files-2.1\org.lwjgl\lwjgl-nfd\3.3.3\3a39132eef695dcb7631adc1d02e493527940d10\lwjgl-nfd-3.3.3-natives-windows.jar;C:\Users\user\.gradle\caches\modules-2\files-2.1\org.lwjgl\lwjgl-nuklear\3.3.3\3132690c8cbbdd7c948eb233610151b6a6c62b9a\lwjgl-nuklear-3.3.3-natives-windows.jar;C:\Users\user\.gradle\caches\modules-2\files-2.1\org.lwjgl\lwjgl-openal\3.3.3\cf83862ae95d98496b26915024c7e666d8ab1c8f\lwjgl-openal-3.3.3-natives-windows.jar;C:\Users\user\.gradle\caches\modules-2\files-2.1\org.lwjgl\lwjgl-opengl\3.3.3\e6c1eec8be8a71951b830a4d69efc01c6531900c\lwjgl-opengl-3.3.3-natives-windows.jar;C:\Users\user\.gradle\caches\modules-2\files-2.1\org.lwjgl\lwjgl-shaderc\3.3.3\2bdcb9d4c1a8debf8c82dcb6968c3f23f126af6b\lwjgl-shaderc-3.3.3-natives-windows.jar;C:\Users\user\.gradle\caches\modules-2\files-2.1\org.lwjgl\lwjgl-stb\3.3.3\1d9facdf6541de114b0f963be33505b7679c78cb\lwjgl-stb-3.3.3-natives-windows.jar;C:\Users\user\.gradle\caches\modules-2\files-2.1\org.lwjgl\lwjgl-tootle\3.3.3\6de41fb81ea077cb3829b25c6636987f011997fc\lwjgl-tootle-3.3.3-natives-windows.jar;C:\Users\user\.gradle\caches\modules-2\files-2.1\org.lwjgl\lwjgl\3.3.3\a5ed18a2b82fc91b81f40d717cb1f64c9dcb0540\lwjgl-3.3.3-natives-windows.jar
Launcher Type: SUN_STANDARD

[Global flags]
     intx CICompilerCount                          = 4                                         {product} {ergonomic}
     uint ConcGCThreads                            = 3                                         {product} {ergonomic}
     uint G1ConcRefinementThreads                  = 10                                        {product} {ergonomic}
   size_t G1HeapRegionSize                         = 2097152                                   {product} {ergonomic}
   size_t InitialHeapSize                          = 268435456                                 {product} {ergonomic}
   size_t MarkStackSize                            = 4194304                                   {product} {ergonomic}
   size_t MarkStackSizeMax                         = 536870912                                 {product} {ergonomic}
   size_t MaxHeapSize                              = 4282384384                                {product} {ergonomic}
   size_t MaxNewSize                               = 2569011200                                {product} {ergonomic}
   size_t MinHeapDeltaBytes                        = 2097152                                   {product} {ergonomic}
   size_t MinHeapSize                              = 8388608                                   {product} {ergonomic}
    uintx NonNMethodCodeHeapSize                   = 5832704                                {pd product} {ergonomic}
    uintx NonProfiledCodeHeapSize                  = 122945536                              {pd product} {ergonomic}
    uintx ProfiledCodeHeapSize                     = 122880000                              {pd product} {ergonomic}
    uintx ReservedCodeCacheSize                    = 251658240                              {pd product} {ergonomic}
     bool SegmentedCodeCache                       = true                                      {product} {ergonomic}
   size_t SoftMaxHeapSize                          = 4282384384                             {manageable} {ergonomic}
     bool UseCompressedOops                        = true                           {product lp64_product} {ergonomic}
     bool UseG1GC                                  = true                                      {product} {ergonomic}
     bool UseLargePagesIndividualAllocation        = false                                  {pd product} {ergonomic}

Logging:
Log output configuration:
 #0: stdout all=warning uptime,level,tags foldmultilines=false
 #1: stderr all=off uptime,level,tags foldmultilines=false

Environment Variables:
JAVA_HOME=C:\Program Files\Eclipse Adoptium\jdk-17.0.12.7-hotspot\
PATH=C:\Program Files\Eclipse Adoptium\jdk-17.0.12.7-hotspot\bin;C:\Program Files (x86)\Common Files\Oracle\Java\java8path;C:\Program Files (x86)\Common Files\Oracle\Java\javapath;C:\Program Files (x86)\Razer Chroma SDK\bin;C:\Program Files\Razer Chroma SDK\bin;C:\Program Files (x86)\Razer\ChromaBroadcast\bin;C:\Program Files\Razer\ChromaBroadcast\bin;C:\WINDOWS\system32;C:\WINDOWS;C:\WINDOWS\System32\Wbem;C:\WINDOWS\System32\WindowsPowerShell\v1.0\;C:\WINDOWS\System32\OpenSSH\;C:\Program Files\dotnet\;C:\WINDOWS\system32\config\systemprofile\AppData\Local\Microsoft\WindowsApps;C:\Program Files (x86)\QuickTime\QTSystem\;C:\msys64\mingw64\bin;C:\Program Files\PuTTY\;C:\Program Files (x86)\NVIDIA Corporation\PhysX\Common;C:\Program Files\NVIDIA Corporation\NVIDIA NvDLISR;C:\Program Files\Git\cmd;C:\Program Files\nodejs\;C:\Program Files\NVIDIA Corporation\NVIDIA app\NvDLISR;C:\Users\user\AppData\Local\Microsoft\WindowsApps;D:\Microsoft VS Code\bin;C:\Users\user\AppData\Local\spicetify;D:\RB\ffmpeg-7.0.2-essentials_build\ffmpeg-7.0.2-essentials_build\bin;C:\Users\user\AppData\Roaming\npm;D:\JetBrains\IntelliJ IDEA Community Edition 2024.3.2.2\bin;
USERNAME=user
OS=Windows_NT
PROCESSOR_IDENTIFIER=AMD64 Family 23 Model 8 Stepping 2, AuthenticAMD
TMP=C:\Users\user\AppData\Local\Temp
TEMP=C:\Users\user\AppData\Local\Temp




Periodic native trim disabled

---------------  S Y S T E M  ---------------

OS:
 Windows 10 , 64 bit Build 19041 (10.0.19041.5438)
OS uptime: 0 days 3:32 hours

CPU: total 12 (initial active 12) (12 cores per cpu, 2 threads per core) family 23 model 8 stepping 2 microcode 0x0, cx8, cmov, fxsr, ht, mmx, 3dnowpref, sse, sse2, sse3, ssse3, sse4a, sse4.1, sse4.2, popcnt, lzcnt, tsc, tscinvbit, avx, avx2, aes, clmul, bmi1, bmi2, adx, sha, fma, vzeroupper, clflush, clflushopt, rdtscp, f16c
Processor Information for the first 12 processors :
  Max Mhz: 3400, Current Mhz: 3400, Mhz Limit: 3400

Memory: 4k page, system-wide physical 16332M (4857M free)
TotalPageFile size 33740M (AvailPageFile size 16010M)
current process WorkingSet (physical memory assigned to process): 94M, peak: 94M
current process commit charge ("private bytes"): 436M, peak: 436M

vm_info: OpenJDK 64-Bit Server VM (23.0.2+7-58) for windows-amd64 JRE (23.0.2+7-58), built on 2024-11-29T09:34:55Z with MS VC++ 17.6 (VS2022)

END.
